TN:
SF:src\api\albaranes.js
FN:3,(anonymous_0)
FN:5,(anonymous_1)
FN:7,(anonymous_2)
FN:14,(anonymous_3)
FN:21,(anonymous_4)
FN:24,(anonymous_5)
FNF:6
FNH:0
FNDA:0,(anonymous_0)
FNDA:0,(anonymous_1)
FNDA:0,(anonymous_2)
FNDA:0,(anonymous_3)
FNDA:0,(anonymous_4)
FNDA:0,(anonymous_5)
DA:3,0
DA:5,0
DA:7,0
DA:8,0
DA:14,0
DA:15,0
DA:21,0
DA:22,0
DA:24,0
DA:25,0
LF:10
LH:0
BRF:0
BRH:0
end_of_record
TN:
SF:src\api\analytics.js
FN:3,(anonymous_0)
FN:10,(anonymous_1)
FN:17,(anonymous_2)
FN:25,(anonymous_3)
FNF:4
FNH:0
FNDA:0,(anonymous_0)
FNDA:0,(anonymous_1)
FNDA:0,(anonymous_2)
FNDA:0,(anonymous_3)
DA:3,0
DA:4,0
DA:5,0
DA:6,0
DA:7,0
DA:10,0
DA:11,0
DA:12,0
DA:13,0
DA:14,0
DA:17,0
DA:18,0
DA:19,0
DA:20,0
DA:21,0
DA:22,0
DA:25,0
DA:26,0
LF:18
LH:0
BRDA:5,0,0,0
BRDA:5,0,1,0
BRDA:6,1,0,0
BRDA:6,1,1,0
BRDA:12,2,0,0
BRDA:12,2,1,0
BRDA:13,3,0,0
BRDA:13,3,1,0
BRDA:19,4,0,0
BRDA:19,4,1,0
BRDA:20,5,0,0
BRDA:20,5,1,0
BRDA:21,6,0,0
BRDA:21,6,1,0
BRF:14
BRH:0
end_of_record
TN:
SF:src\api\clientes.js
FN:3,(anonymous_0)
FN:5,(anonymous_1)
FN:7,(anonymous_2)
FN:14,(anonymous_3)
FN:21,(anonymous_4)
FNF:5
FNH:0
FNDA:0,(anonymous_0)
FNDA:0,(anonymous_1)
FNDA:0,(anonymous_2)
FNDA:0,(anonymous_3)
FNDA:0,(anonymous_4)
DA:3,0
DA:5,0
DA:7,0
DA:8,0
DA:14,0
DA:15,0
DA:21,0
DA:22,0
LF:8
LH:0
BRF:0
BRH:0
end_of_record
TN:
SF:src\api\http.js
FN:7,apiFetch
FN:10,(anonymous_1)
FN:16,apiFetchBlob
FN:19,(anonymous_3)
FNF:4
FNH:0
FNDA:0,apiFetch
FNDA:0,(anonymous_1)
FNDA:0,apiFetchBlob
FNDA:0,(anonymous_3)
DA:8,0
DA:9,0
DA:10,0
DA:11,0
DA:13,0
DA:17,0
DA:18,0
DA:19,0
DA:20,0
DA:22,0
LF:10
LH:0
BRDA:7,0,0,0
BRDA:9,1,0,0
BRDA:9,1,1,0
BRDA:11,2,0,0
BRDA:11,2,1,0
BRDA:16,3,0,0
BRDA:18,4,0,0
BRDA:18,4,1,0
BRDA:20,5,0,0
BRDA:20,5,1,0
BRF:10
BRH:0
end_of_record
TN:
SF:src\api\movimientos.js
FN:3,(anonymous_0)
FN:5,(anonymous_1)
FN:7,(anonymous_2)
FN:14,(anonymous_3)
FN:21,(anonymous_4)
FNF:5
FNH:0
FNDA:0,(anonymous_0)
FNDA:0,(anonymous_1)
FNDA:0,(anonymous_2)
FNDA:0,(anonymous_3)
FNDA:0,(anonymous_4)
DA:3,0
DA:5,0
DA:7,0
DA:8,0
DA:14,0
DA:15,0
DA:21,0
DA:22,0
LF:8
LH:0
BRF:0
BRH:0
end_of_record
TN:
SF:src\api\productos.js
FN:3,(anonymous_0)
FN:5,(anonymous_1)
FN:7,(anonymous_2)
FN:10,(anonymous_3)
FN:17,(anonymous_4)
FN:24,(anonymous_5)
FNF:6
FNH:0
FNDA:0,(anonymous_0)
FNDA:0,(anonymous_1)
FNDA:0,(anonymous_2)
FNDA:0,(anonymous_3)
FNDA:0,(anonymous_4)
FNDA:0,(anonymous_5)
DA:3,0
DA:5,0
DA:7,0
DA:8,0
DA:10,0
DA:11,0
DA:17,0
DA:18,0
DA:24,0
DA:25,0
LF:10
LH:0
BRDA:7,0,0,0
BRF:1
BRH:0
end_of_record
TN:
SF:src\components\AlbaranesPage.jsx
FN:8,useDebouncedValue
FN:10,(anonymous_1)
FN:11,(anonymous_2)
FN:12,(anonymous_3)
FN:17,ModalCenter
FN:31,Chip
FN:47,safeNumber
FN:51,formatDateISO
FN:56,formatEUR
FN:59,formatDate
FN:72,AlbaranesPage
FN:108,goToCliente
FN:118,(anonymous_12)
FN:119,(anonymous_13)
FN:138,(anonymous_14)
FN:167,(anonymous_15)
FN:169,(anonymous_16)
FN:173,(anonymous_17)
FN:175,(anonymous_18)
FN:182,setTotalRangeSafe
FN:194,(anonymous_20)
FN:199,(anonymous_21)
FN:211,(anonymous_22)
FN:216,(anonymous_23)
FN:224,(anonymous_24)
FN:232,(anonymous_25)
FN:237,(anonymous_26)
FN:240,(anonymous_27)
FN:243,(anonymous_28)
FN:246,(anonymous_29)
FN:259,(anonymous_30)
FN:265,(anonymous_31)
FN:277,(anonymous_32)
FN:281,(anonymous_33)
FN:284,(anonymous_34)
FN:284,(anonymous_35)
FN:284,(anonymous_36)
FN:286,(anonymous_37)
FN:289,(anonymous_38)
FN:289,(anonymous_39)
FN:289,(anonymous_40)
FN:296,(anonymous_41)
FN:302,clearAll
FN:312,openDetail
FN:351,closeDetail
FN:360,(anonymous_45)
FN:367,(anonymous_46)
FN:371,(anonymous_47)
FN:383,(anonymous_48)
FN:384,(anonymous_49)
FN:390,(anonymous_50)
FN:405,(anonymous_51)
FN:413,(anonymous_52)
FN:427,(anonymous_53)
FN:434,(anonymous_54)
FN:440,(anonymous_55)
FN:452,(anonymous_56)
FN:486,(anonymous_57)
FN:493,(anonymous_58)
FN:521,(anonymous_59)
FN:524,(anonymous_60)
FN:534,(anonymous_61)
FN:550,(anonymous_62)
FN:557,(anonymous_63)
FN:570,(anonymous_64)
FN:578,(anonymous_65)
FN:591,(anonymous_66)
FN:596,(anonymous_67)
FN:597,(anonymous_68)
FN:597,(anonymous_69)
FN:614,(anonymous_70)
FN:619,(anonymous_71)
FN:620,(anonymous_72)
FN:620,(anonymous_73)
FN:644,(anonymous_74)
FN:670,(anonymous_75)
FN:679,(anonymous_76)
FN:741,(anonymous_77)
FN:772,(anonymous_78)
FNF:79
FNH:15
FNDA:10,useDebouncedValue
FNDA:5,(anonymous_1)
FNDA:0,(anonymous_2)
FNDA:5,(anonymous_3)
FNDA:20,ModalCenter
FNDA:0,Chip
FNDA:0,safeNumber
FNDA:0,formatDateISO
FNDA:0,formatEUR
FNDA:0,formatDate
FNDA:10,AlbaranesPage
FNDA:0,goToCliente
FNDA:5,(anonymous_12)
FNDA:5,(anonymous_13)
FNDA:0,(anonymous_14)
FNDA:9,(anonymous_15)
FNDA:0,(anonymous_16)
FNDA:9,(anonymous_17)
FNDA:0,(anonymous_18)
FNDA:0,setTotalRangeSafe
FNDA:9,(anonymous_20)
FNDA:0,(anonymous_21)
FNDA:0,(anonymous_22)
FNDA:0,(anonymous_23)
FNDA:0,(anonymous_24)
FNDA:0,(anonymous_25)
FNDA:0,(anonymous_26)
FNDA:0,(anonymous_27)
FNDA:0,(anonymous_28)
FNDA:0,(anonymous_29)
FNDA:0,(anonymous_30)
FNDA:0,(anonymous_31)
FNDA:0,(anonymous_32)
FNDA:0,(anonymous_33)
FNDA:0,(anonymous_34)
FNDA:0,(anonymous_35)
FNDA:0,(anonymous_36)
FNDA:0,(anonymous_37)
FNDA:0,(anonymous_38)
FNDA:0,(anonymous_39)
FNDA:0,(anonymous_40)
FNDA:0,(anonymous_41)
FNDA:0,clearAll
FNDA:0,openDetail
FNDA:0,closeDetail
FNDA:5,(anonymous_45)
FNDA:9,(anonymous_46)
FNDA:0,(anonymous_47)
FNDA:5,(anonymous_48)
FNDA:0,(anonymous_49)
FNDA:5,(anonymous_50)
FNDA:0,(anonymous_51)
FNDA:0,(anonymous_52)
FNDA:0,(anonymous_53)
FNDA:0,(anonymous_54)
FNDA:0,(anonymous_55)
FNDA:0,(anonymous_56)
FNDA:0,(anonymous_57)
FNDA:0,(anonymous_58)
FNDA:0,(anonymous_59)
FNDA:0,(anonymous_60)
FNDA:0,(anonymous_61)
FNDA:0,(anonymous_62)
FNDA:0,(anonymous_63)
FNDA:0,(anonymous_64)
FNDA:0,(anonymous_65)
FNDA:0,(anonymous_66)
FNDA:0,(anonymous_67)
FNDA:0,(anonymous_68)
FNDA:0,(anonymous_69)
FNDA:40,(anonymous_70)
FNDA:0,(anonymous_71)
FNDA:0,(anonymous_72)
FNDA:0,(anonymous_73)
FNDA:0,(anonymous_74)
FNDA:0,(anonymous_75)
FNDA:0,(anonymous_76)
FNDA:0,(anonymous_77)
FNDA:0,(anonymous_78)
DA:9,10
DA:10,10
DA:11,5
DA:12,5
DA:14,10
DA:18,20
DA:19,0
DA:32,0
DA:48,0
DA:49,0
DA:52,0
DA:53,0
DA:54,0
DA:57,0
DA:60,0
DA:61,0
DA:64,1
DA:73,10
DA:75,10
DA:76,10
DA:78,10
DA:79,10
DA:82,10
DA:83,10
DA:85,10
DA:86,10
DA:87,10
DA:88,10
DA:90,10
DA:91,10
DA:93,10
DA:94,10
DA:98,10
DA:99,10
DA:100,10
DA:101,10
DA:102,10
DA:105,10
DA:109,0
DA:110,0
DA:111,0
DA:114,0
DA:118,10
DA:119,5
DA:120,5
DA:121,5
DA:122,5
DA:124,5
DA:128,4
DA:129,4
DA:131,4
DA:132,4
DA:134,4
DA:135,5
DA:136,5
DA:138,5
DA:139,5
DA:140,0
DA:141,0
DA:142,0
DA:143,0
DA:145,4
DA:146,4
DA:149,4
DA:150,4
DA:152,1
DA:153,1
DA:156,1
DA:161,5
DA:164,5
DA:167,10
DA:168,9
DA:169,9
DA:170,9
DA:173,10
DA:174,9
DA:175,9
DA:176,0
DA:177,0
DA:179,9
DA:183,0
DA:184,0
DA:185,0
DA:187,0
DA:188,0
DA:189,0
DA:191,0
DA:194,10
DA:195,9
DA:197,9
DA:198,9
DA:199,0
DA:200,0
DA:202,0
DA:207,0
DA:211,9
DA:212,0
DA:213,0
DA:216,9
DA:217,0
DA:218,0
DA:219,0
DA:220,0
DA:223,9
DA:224,0
DA:225,0
DA:226,0
DA:227,0
DA:231,9
DA:232,0
DA:235,9
DA:237,9
DA:238,9
DA:240,0
DA:241,0
DA:243,0
DA:244,0
DA:246,0
DA:247,0
DA:249,0
DA:252,9
DA:255,10
DA:256,10
DA:258,10
DA:259,0
DA:266,0
DA:267,0
DA:277,0
DA:281,0
DA:284,0
DA:286,0
DA:289,0
DA:296,0
DA:303,0
DA:304,0
DA:305,0
DA:306,0
DA:307,0
DA:308,0
DA:309,0
DA:313,0
DA:314,0
DA:315,0
DA:317,0
DA:318,0
DA:323,0
DA:324,0
DA:326,0
DA:327,0
DA:328,0
DA:331,0
DA:337,0
DA:338,0
DA:341,0
DA:347,0
DA:348,0
DA:352,0
DA:353,0
DA:354,0
DA:355,0
DA:356,0
DA:360,10
DA:361,5
DA:362,5
DA:363,5
DA:367,10
DA:368,9
DA:369,0
DA:371,0
DA:372,0
DA:374,0
DA:376,0
DA:377,0
DA:379,0
DA:383,10
DA:384,5
DA:385,0
DA:386,0
DA:387,0
DA:389,5
DA:390,5
DA:393,10
DA:405,0
DA:413,0
DA:427,0
DA:434,0
DA:440,0
DA:452,0
DA:487,0
DA:488,0
DA:489,0
DA:493,0
DA:521,0
DA:524,0
DA:534,0
DA:550,0
DA:557,0
DA:570,0
DA:578,0
DA:592,0
DA:593,0
DA:597,0
DA:615,40
DA:616,40
DA:620,0
DA:644,0
DA:670,0
DA:679,0
DA:741,0
DA:773,0
DA:774,0
DA:775,0
LF:212
LH:88
BRDA:8,0,0,10
BRDA:17,1,0,20
BRDA:18,2,0,20
BRDA:18,2,1,0
BRDA:49,3,0,0
BRDA:49,3,1,0
BRDA:52,4,0,0
BRDA:52,4,1,0
BRDA:53,5,0,0
BRDA:53,5,1,0
BRDA:61,6,0,0
BRDA:61,6,1,0
BRDA:109,7,0,0
BRDA:109,7,1,0
BRDA:128,8,0,0
BRDA:128,8,1,4
BRDA:129,9,0,0
BRDA:129,9,1,4
BRDA:134,10,0,4
BRDA:134,10,1,0
BRDA:136,11,0,5
BRDA:136,11,1,0
BRDA:139,12,0,0
BRDA:139,12,1,4
BRDA:152,13,0,1
BRDA:152,13,1,0
BRDA:176,14,0,0
BRDA:176,14,1,0
BRDA:177,15,0,0
BRDA:177,15,1,0
BRDA:183,16,0,0
BRDA:183,16,1,0
BRDA:184,17,0,0
BRDA:184,17,1,0
BRDA:185,18,0,0
BRDA:185,18,1,0
BRDA:189,19,0,0
BRDA:189,19,1,0
BRDA:198,20,0,0
BRDA:198,20,1,9
BRDA:202,21,0,0
BRDA:202,21,1,0
BRDA:202,21,2,0
BRDA:202,21,3,0
BRDA:207,22,0,0
BRDA:207,22,1,0
BRDA:213,23,0,0
BRDA:213,23,1,0
BRDA:218,24,0,0
BRDA:218,24,1,0
BRDA:218,25,0,0
BRDA:218,25,1,0
BRDA:219,26,0,0
BRDA:219,26,1,0
BRDA:219,27,0,0
BRDA:219,27,1,0
BRDA:223,28,0,0
BRDA:223,28,1,9
BRDA:226,29,0,0
BRDA:226,29,1,0
BRDA:226,30,0,0
BRDA:226,30,1,0
BRDA:231,31,0,0
BRDA:231,31,1,9
BRDA:235,32,0,9
BRDA:235,32,1,0
BRDA:235,32,2,0
BRDA:235,32,3,0
BRDA:235,32,4,0
BRDA:255,33,0,10
BRDA:255,33,1,0
BRDA:256,34,0,10
BRDA:256,34,1,0
BRDA:259,35,0,0
BRDA:259,35,1,10
BRDA:260,36,0,0
BRDA:260,36,1,10
BRDA:260,37,0,10
BRDA:260,37,1,10
BRDA:264,38,0,0
BRDA:264,38,1,0
BRDA:264,39,0,0
BRDA:264,39,1,0
BRDA:272,40,0,0
BRDA:272,40,1,10
BRDA:272,41,0,10
BRDA:272,41,1,10
BRDA:288,42,0,0
BRDA:288,42,1,0
BRDA:291,43,0,0
BRDA:291,43,1,10
BRDA:315,44,0,0
BRDA:315,44,1,0
BRDA:323,45,0,0
BRDA:323,45,1,0
BRDA:324,46,0,0
BRDA:324,46,1,0
BRDA:326,47,0,0
BRDA:326,47,1,0
BRDA:326,48,0,0
BRDA:326,48,1,0
BRDA:337,49,0,0
BRDA:337,49,1,0
BRDA:363,50,0,0
BRDA:363,50,1,5
BRDA:368,51,0,9
BRDA:368,51,1,0
BRDA:369,52,0,0
BRDA:369,52,1,0
BRDA:369,53,0,0
BRDA:369,53,1,0
BRDA:372,54,0,0
BRDA:372,54,1,0
BRDA:386,55,0,0
BRDA:386,55,1,0
BRDA:437,56,0,10
BRDA:437,56,1,10
BRDA:437,56,2,0
BRDA:450,57,0,10
BRDA:450,57,1,0
BRDA:473,58,0,10
BRDA:473,58,1,5
BRDA:477,59,0,10
BRDA:477,59,1,1
BRDA:484,60,0,10
BRDA:484,60,1,5
BRDA:484,60,2,4
BRDA:484,60,3,4
BRDA:488,61,0,0
BRDA:488,61,1,0
BRDA:503,62,0,0
BRDA:503,62,1,0
BRDA:590,63,0,10
BRDA:590,63,1,10
BRDA:597,64,0,0
BRDA:597,64,1,0
BRDA:600,65,0,0
BRDA:600,65,1,0
BRDA:620,66,0,0
BRDA:620,66,1,0
BRDA:623,67,0,0
BRDA:623,67,1,40
BRDA:662,68,0,10
BRDA:662,68,1,0
BRDA:672,69,0,0
BRDA:672,69,1,0
BRDA:681,70,0,0
BRDA:681,70,1,0
BRDA:688,71,0,0
BRDA:688,71,1,0
BRDA:712,72,0,0
BRDA:712,72,1,0
BRDA:715,73,0,0
BRDA:715,73,1,0
BRDA:723,74,0,0
BRDA:723,74,1,0
BRDA:728,75,0,0
BRDA:728,75,1,0
BRDA:741,76,0,0
BRDA:741,76,1,0
BRDA:750,77,0,0
BRDA:750,77,1,0
BRDA:750,77,2,0
BRDA:764,78,0,0
BRDA:764,78,1,0
BRDA:768,79,0,0
BRDA:768,79,1,0
BRDA:782,80,0,0
BRDA:782,80,1,0
BRDA:790,81,0,0
BRDA:790,81,1,0
BRDA:794,82,0,0
BRDA:794,82,1,0
BRDA:799,83,0,0
BRDA:799,83,1,0
BRDA:800,84,0,0
BRDA:800,84,1,0
BRDA:805,85,0,0
BRDA:805,85,1,0
BRF:179
BRH:40
end_of_record
TN:
SF:src\components\App.jsx
FN:5,App
FN:17,(anonymous_1)
FN:27,(anonymous_2)
FNF:3
FNH:1
FNDA:5,App
FNDA:0,(anonymous_1)
FNDA:0,(anonymous_2)
DA:6,5
DA:8,5
DA:17,0
DA:27,0
LF:4
LH:2
BRDA:14,0,0,5
BRDA:14,0,1,0
BRDA:35,1,0,5
BRDA:35,1,1,5
BRF:4
BRH:3
end_of_record
TN:
SF:src\components\BancoPage.jsx
FN:6,eur
FN:11,BancoPage
FN:19,(anonymous_2)
FN:25,loadStripeStatus
FN:35,loadStripeCheckouts
FN:46,(anonymous_5)
FN:47,(anonymous_6)
FN:55,(anonymous_7)
FN:79,(anonymous_8)
FN:82,(anonymous_9)
FN:88,(anonymous_10)
FN:94,(anonymous_11)
FN:98,(anonymous_12)
FN:114,createStripeCheckout
FN:125,(anonymous_14)
FN:134,(anonymous_15)
FN:142,(anonymous_16)
FN:158,(anonymous_17)
FN:201,(anonymous_18)
FN:211,(anonymous_19)
FN:252,(anonymous_20)
FNF:21
FNH:7
FNDA:0,eur
FNDA:9,BancoPage
FNDA:5,(anonymous_2)
FNDA:5,loadStripeStatus
FNDA:5,loadStripeCheckouts
FNDA:5,(anonymous_5)
FNDA:5,(anonymous_6)
FNDA:5,(anonymous_7)
FNDA:0,(anonymous_8)
FNDA:0,(anonymous_9)
FNDA:0,(anonymous_10)
FNDA:0,(anonymous_11)
FNDA:0,(anonymous_12)
FNDA:0,createStripeCheckout
FNDA:0,(anonymous_14)
FNDA:0,(anonymous_15)
FNDA:0,(anonymous_16)
FNDA:0,(anonymous_17)
FNDA:0,(anonymous_18)
FNDA:0,(anonymous_19)
FNDA:0,(anonymous_20)
DA:7,0
DA:8,0
DA:13,9
DA:14,9
DA:15,9
DA:16,9
DA:17,9
DA:19,9
DA:20,5
DA:21,5
DA:26,5
DA:27,5
DA:28,4
DA:29,4
DA:31,1
DA:36,5
DA:37,5
DA:38,4
DA:39,4
DA:41,1
DA:46,9
DA:47,5
DA:48,5
DA:49,5
DA:55,9
DA:56,5
DA:57,5
DA:58,5
DA:59,5
DA:62,0
DA:64,0
DA:65,0
DA:69,0
DA:72,0
DA:73,0
DA:74,0
DA:75,0
DA:76,0
DA:79,0
DA:80,0
DA:81,0
DA:83,0
DA:88,0
DA:89,0
DA:90,0
DA:94,0
DA:98,0
DA:104,0
DA:115,0
DA:116,0
DA:120,0
DA:122,0
DA:123,0
DA:124,0
DA:126,0
DA:134,0
DA:135,0
DA:136,0
DA:137,0
DA:142,0
DA:145,0
DA:149,0
DA:153,9
DA:159,0
DA:160,0
DA:161,0
DA:201,0
DA:211,0
DA:252,0
LF:69
LH:28
BRDA:7,0,0,0
BRDA:7,0,1,0
BRDA:21,1,0,5
BRDA:21,1,1,0
BRDA:21,1,2,0
BRDA:39,2,0,0
BRDA:39,2,1,4
BRDA:59,3,0,5
BRDA:59,3,1,0
BRDA:64,4,0,0
BRDA:64,4,1,0
BRDA:72,5,0,0
BRDA:72,5,1,0
BRDA:73,6,0,0
BRDA:73,6,1,0
BRDA:89,7,0,0
BRDA:89,7,1,0
BRDA:89,8,0,0
BRDA:89,8,1,0
BRDA:95,9,0,0
BRDA:95,9,1,0
BRDA:96,10,0,0
BRDA:96,10,1,0
BRDA:100,11,0,0
BRDA:100,11,1,0
BRDA:115,12,0,0
BRDA:115,12,1,0
BRDA:131,13,0,0
BRDA:131,13,1,0
BRDA:135,14,0,0
BRDA:135,14,1,0
BRDA:135,15,0,0
BRDA:135,15,1,0
BRDA:136,16,0,0
BRDA:136,16,1,0
BRDA:142,17,0,0
BRDA:142,17,1,0
BRDA:173,18,0,0
BRDA:173,18,1,9
BRDA:174,19,0,9
BRDA:174,19,1,0
BRDA:178,20,0,9
BRDA:178,20,1,0
BRDA:219,21,0,9
BRDA:219,21,1,0
BRDA:221,22,0,9
BRDA:221,22,1,0
BRDA:221,23,0,9
BRDA:221,23,1,0
BRDA:223,24,0,0
BRDA:223,24,1,9
BRDA:245,25,0,9
BRDA:245,25,1,0
BRDA:254,26,0,0
BRDA:254,26,1,0
BRDA:255,27,0,0
BRDA:255,27,1,0
BRDA:260,28,0,0
BRDA:260,28,1,0
BRF:59
BRH:11
end_of_record
TN:
SF:src\components\ClientesPage.jsx
FN:8,useDebouncedValue
FN:10,(anonymous_1)
FN:11,(anonymous_2)
FN:12,(anonymous_3)
FN:17,ModalCenter
FN:31,Chip
FN:42,safeNumber
FN:47,formatEUR
FN:51,formatDate
FN:63,Chevron
FN:76,ClientesPage
FN:107,toastError
FN:119,toastWarning
FN:126,(anonymous_13)
FN:127,(anonymous_14)
FN:136,(anonymous_15)
FN:151,(anonymous_16)
FN:159,(anonymous_17)
FN:164,(anonymous_18)
FN:185,(anonymous_19)
FN:187,(anonymous_20)
FN:194,(anonymous_21)
FN:195,(anonymous_22)
FN:199,(anonymous_23)
FN:205,(anonymous_24)
FN:213,(anonymous_25)
FN:216,(anonymous_26)
FN:221,(anonymous_27)
FN:224,(anonymous_28)
FN:227,(anonymous_29)
FN:230,(anonymous_30)
FN:241,(anonymous_31)
FN:243,(anonymous_32)
FN:245,(anonymous_33)
FN:248,(anonymous_34)
FN:248,(anonymous_35)
FN:248,(anonymous_36)
FN:255,(anonymous_37)
FN:262,clearAll
FN:269,loadOrders
FN:281,(anonymous_40)
FN:283,(anonymous_41)
FN:293,openDetail
FN:307,closeDetail
FN:317,toggleExpand
FN:321,(anonymous_45)
FN:324,(anonymous_46)
FN:329,(anonymous_47)
FN:331,(anonymous_48)
FN:336,openAlbaranInAlbaranesPage
FN:363,(anonymous_50)
FN:371,(anonymous_51)
FN:382,(anonymous_52)
FN:410,(anonymous_53)
FN:414,(anonymous_54)
FN:427,(anonymous_55)
FN:430,(anonymous_56)
FN:438,(anonymous_57)
FN:450,(anonymous_58)
FN:455,(anonymous_59)
FN:456,(anonymous_60)
FN:456,(anonymous_61)
FN:475,(anonymous_62)
FN:498,(anonymous_63)
FN:507,(anonymous_64)
FN:589,(anonymous_65)
FN:616,(anonymous_66)
FN:624,(anonymous_67)
FN:659,(anonymous_68)
FNF:69
FNH:12
FNDA:11,useDebouncedValue
FNDA:6,(anonymous_1)
FNDA:0,(anonymous_2)
FNDA:6,(anonymous_3)
FNDA:22,ModalCenter
FNDA:0,Chip
FNDA:0,safeNumber
FNDA:0,formatEUR
FNDA:0,formatDate
FNDA:0,Chevron
FNDA:11,ClientesPage
FNDA:1,toastError
FNDA:0,toastWarning
FNDA:6,(anonymous_13)
FNDA:6,(anonymous_14)
FNDA:0,(anonymous_15)
FNDA:6,(anonymous_16)
FNDA:10,(anonymous_17)
FNDA:0,(anonymous_18)
FNDA:10,(anonymous_19)
FNDA:0,(anonymous_20)
FNDA:0,(anonymous_21)
FNDA:0,(anonymous_22)
FNDA:10,(anonymous_23)
FNDA:0,(anonymous_24)
FNDA:0,(anonymous_25)
FNDA:0,(anonymous_26)
FNDA:0,(anonymous_27)
FNDA:0,(anonymous_28)
FNDA:0,(anonymous_29)
FNDA:0,(anonymous_30)
FNDA:0,(anonymous_31)
FNDA:0,(anonymous_32)
FNDA:0,(anonymous_33)
FNDA:0,(anonymous_34)
FNDA:0,(anonymous_35)
FNDA:0,(anonymous_36)
FNDA:0,(anonymous_37)
FNDA:0,clearAll
FNDA:0,loadOrders
FNDA:0,(anonymous_40)
FNDA:0,(anonymous_41)
FNDA:0,openDetail
FNDA:0,closeDetail
FNDA:0,toggleExpand
FNDA:0,(anonymous_45)
FNDA:0,(anonymous_46)
FNDA:0,(anonymous_47)
FNDA:0,(anonymous_48)
FNDA:0,openAlbaranInAlbaranesPage
FNDA:0,(anonymous_50)
FNDA:0,(anonymous_51)
FNDA:0,(anonymous_52)
FNDA:0,(anonymous_53)
FNDA:0,(anonymous_54)
FNDA:0,(anonymous_55)
FNDA:0,(anonymous_56)
FNDA:0,(anonymous_57)
FNDA:0,(anonymous_58)
FNDA:0,(anonymous_59)
FNDA:0,(anonymous_60)
FNDA:0,(anonymous_61)
FNDA:0,(anonymous_62)
FNDA:0,(anonymous_63)
FNDA:0,(anonymous_64)
FNDA:0,(anonymous_65)
FNDA:0,(anonymous_66)
FNDA:0,(anonymous_67)
FNDA:0,(anonymous_68)
DA:9,11
DA:10,11
DA:11,6
DA:12,6
DA:14,11
DA:18,22
DA:19,0
DA:32,0
DA:43,0
DA:44,0
DA:48,0
DA:52,0
DA:53,0
DA:56,1
DA:64,0
DA:78,11
DA:79,11
DA:80,11
DA:83,11
DA:84,11
DA:87,11
DA:88,11
DA:89,11
DA:90,11
DA:91,11
DA:94,11
DA:95,11
DA:96,11
DA:99,11
DA:100,11
DA:101,11
DA:102,11
DA:105,11
DA:109,1
DA:114,1
DA:115,1
DA:120,0
DA:121,0
DA:126,11
DA:127,6
DA:128,6
DA:129,6
DA:130,6
DA:131,6
DA:132,5
DA:133,5
DA:134,5
DA:135,6
DA:136,0
DA:137,0
DA:139,5
DA:142,1
DA:143,1
DA:145,6
DA:151,11
DA:152,6
DA:153,6
DA:154,6
DA:159,11
DA:160,10
DA:161,0
DA:163,0
DA:164,0
DA:166,0
DA:167,0
DA:168,0
DA:169,0
DA:171,0
DA:172,0
DA:175,0
DA:177,0
DA:178,0
DA:180,0
DA:185,11
DA:186,10
DA:187,10
DA:188,0
DA:189,0
DA:191,10
DA:194,11
DA:195,11
DA:199,11
DA:200,10
DA:202,10
DA:203,10
DA:204,0
DA:206,0
DA:213,10
DA:215,10
DA:216,0
DA:219,10
DA:221,10
DA:222,10
DA:224,0
DA:225,0
DA:227,0
DA:228,0
DA:230,0
DA:231,0
DA:233,0
DA:236,10
DA:240,11
DA:241,0
DA:243,0
DA:245,0
DA:248,0
DA:255,0
DA:263,0
DA:264,0
DA:265,0
DA:266,0
DA:270,0
DA:271,0
DA:272,0
DA:273,0
DA:275,0
DA:276,0
DA:278,0
DA:279,0
DA:280,0
DA:281,0
DA:283,0
DA:285,0
DA:286,0
DA:287,0
DA:289,0
DA:294,0
DA:295,0
DA:296,0
DA:297,0
DA:299,0
DA:302,0
DA:303,0
DA:304,0
DA:308,0
DA:309,0
DA:310,0
DA:311,0
DA:312,0
DA:313,0
DA:318,0
DA:319,0
DA:320,0
DA:321,0
DA:322,0
DA:324,0
DA:325,0
DA:326,0
DA:327,0
DA:328,0
DA:329,0
DA:331,0
DA:332,0
DA:337,0
DA:338,0
DA:340,0
DA:343,11
DA:345,11
DA:363,0
DA:371,0
DA:382,0
DA:410,0
DA:414,0
DA:427,0
DA:430,0
DA:438,0
DA:451,0
DA:452,0
DA:456,0
DA:475,0
DA:498,0
DA:507,0
DA:590,0
DA:591,0
DA:592,0
DA:593,0
DA:595,0
DA:597,0
DA:616,0
DA:624,0
DA:659,0
LF:181
LH:67
BRDA:8,0,0,11
BRDA:17,1,0,22
BRDA:18,2,0,22
BRDA:18,2,1,0
BRDA:44,3,0,0
BRDA:44,3,1,0
BRDA:53,4,0,0
BRDA:53,4,1,0
BRDA:68,5,0,0
BRDA:68,5,1,0
BRDA:70,6,0,0
BRDA:70,6,1,0
BRDA:109,7,0,0
BRDA:109,7,1,1
BRDA:111,8,0,1
BRDA:111,8,1,0
BRDA:132,9,0,0
BRDA:132,9,1,5
BRDA:134,10,0,5
BRDA:134,10,1,0
BRDA:135,11,0,0
BRDA:135,11,1,5
BRDA:154,12,0,0
BRDA:154,12,1,6
BRDA:160,13,0,10
BRDA:160,13,1,0
BRDA:161,14,0,0
BRDA:161,14,1,0
BRDA:161,15,0,0
BRDA:161,15,1,0
BRDA:166,16,0,0
BRDA:166,16,1,0
BRDA:188,17,0,0
BRDA:188,17,1,0
BRDA:189,18,0,0
BRDA:189,18,1,0
BRDA:194,19,0,0
BRDA:194,19,1,11
BRDA:195,20,0,0
BRDA:195,20,1,11
BRDA:203,21,0,0
BRDA:203,21,1,10
BRDA:206,22,0,0
BRDA:206,22,1,0
BRDA:206,22,2,0
BRDA:206,22,3,0
BRDA:209,23,0,0
BRDA:209,23,1,0
BRDA:213,24,0,0
BRDA:213,24,1,0
BRDA:215,25,0,0
BRDA:215,25,1,10
BRDA:216,26,0,0
BRDA:216,26,1,0
BRDA:219,27,0,10
BRDA:219,27,1,0
BRDA:219,27,2,0
BRDA:219,27,3,0
BRDA:219,27,4,0
BRDA:221,28,0,0
BRDA:221,28,1,0
BRDA:221,29,0,0
BRDA:221,29,1,0
BRDA:224,30,0,0
BRDA:224,30,1,0
BRDA:224,31,0,0
BRDA:224,31,1,0
BRDA:241,32,0,0
BRDA:241,32,1,11
BRDA:242,33,0,0
BRDA:242,33,1,11
BRDA:242,34,0,11
BRDA:242,34,1,11
BRDA:250,35,0,0
BRDA:250,35,1,11
BRDA:275,36,0,0
BRDA:275,36,1,0
BRDA:279,37,0,0
BRDA:279,37,1,0
BRDA:281,38,0,0
BRDA:281,38,1,0
BRDA:283,39,0,0
BRDA:283,39,1,0
BRDA:297,40,0,0
BRDA:297,40,1,0
BRDA:320,41,0,0
BRDA:320,41,1,0
BRDA:324,42,0,0
BRDA:324,42,1,0
BRDA:327,43,0,0
BRDA:327,43,1,0
BRDA:329,44,0,0
BRDA:329,44,1,0
BRDA:380,45,0,11
BRDA:380,45,1,0
BRDA:402,46,0,11
BRDA:402,46,1,6
BRDA:403,47,0,11
BRDA:403,47,1,1
BRDA:409,48,0,11
BRDA:409,48,1,5
BRDA:409,48,2,4
BRDA:409,48,3,4
BRDA:417,49,0,0
BRDA:417,49,1,0
BRDA:449,50,0,11
BRDA:449,50,1,11
BRDA:456,51,0,0
BRDA:456,51,1,0
BRDA:459,52,0,0
BRDA:459,52,1,0
BRDA:490,53,0,11
BRDA:490,53,1,0
BRDA:500,54,0,0
BRDA:500,54,1,0
BRDA:509,55,0,0
BRDA:509,55,1,0
BRDA:518,56,0,0
BRDA:518,56,1,0
BRDA:527,57,0,0
BRDA:527,57,1,0
BRDA:532,58,0,0
BRDA:532,58,1,0
BRDA:536,59,0,0
BRDA:536,59,1,0
BRDA:541,60,0,0
BRDA:541,60,1,0
BRDA:542,61,0,0
BRDA:542,61,1,0
BRDA:548,62,0,0
BRDA:548,62,1,0
BRDA:551,63,0,0
BRDA:551,63,1,0
BRDA:562,64,0,0
BRDA:562,64,1,0
BRDA:566,65,0,0
BRDA:566,65,1,0
BRDA:569,66,0,0
BRDA:569,66,1,0
BRDA:571,67,0,0
BRDA:571,67,1,0
BRDA:571,67,2,0
BRDA:573,68,0,0
BRDA:573,68,1,0
BRDA:593,69,0,0
BRDA:593,69,1,0
BRDA:595,70,0,0
BRDA:595,70,1,0
BRDA:602,71,0,0
BRDA:602,71,1,0
BRDA:603,72,0,0
BRDA:603,72,1,0
BRDA:625,73,0,0
BRDA:625,73,1,0
BRDA:633,74,0,0
BRDA:633,74,1,0
BRDA:637,75,0,0
BRDA:637,75,1,0
BRDA:638,76,0,0
BRDA:638,76,1,0
BRDA:639,77,0,0
BRDA:639,77,1,0
BRDA:639,77,2,0
BRDA:652,78,0,0
BRDA:652,78,1,0
BRF:165
BRH:32
end_of_record
TN:
SF:src\components\Dashboard.jsx
FN:7,eur
FN:11,ymKey
FN:15,monthLabelShort
FN:19,fmtDate
FN:25,Dashboard
FN:45,reloadAll
FN:85,(anonymous_6)
FN:90,(anonymous_7)
FN:92,(anonymous_8)
FN:100,(anonymous_9)
FN:105,(anonymous_10)
FN:117,(anonymous_11)
FN:129,(anonymous_12)
FN:138,(anonymous_13)
FN:150,(anonymous_14)
FN:173,(anonymous_15)
FN:174,(anonymous_16)
FN:175,(anonymous_17)
FN:190,(anonymous_18)
FN:205,(anonymous_19)
FN:206,(anonymous_20)
FN:215,(anonymous_21)
FN:229,(anonymous_22)
FN:230,(anonymous_23)
FN:234,(anonymous_24)
FN:236,(anonymous_25)
FN:248,(anonymous_26)
FN:253,(anonymous_27)
FN:265,(anonymous_28)
FN:272,toggleMode
FN:273,(anonymous_30)
FN:343,(anonymous_31)
FN:386,(anonymous_32)
FN:393,(anonymous_33)
FN:404,(anonymous_34)
FN:414,(anonymous_35)
FN:464,(anonymous_36)
FN:471,(anonymous_37)
FN:517,(anonymous_38)
FN:559,TablaPedidos
FN:576,(anonymous_40)
FN:582,(anonymous_41)
FN:599,SkeletonCard
FN:609,StatCard
FN:612,(anonymous_44)
FN:625,(anonymous_45)
FN:677,Row
FN:695,pctDelta
FNF:48
FNH:26
FNDA:14,eur
FNDA:0,ymKey
FNDA:84,monthLabelShort
FNDA:0,fmtDate
FNDA:8,Dashboard
FNDA:4,reloadAll
FNDA:4,(anonymous_6)
FNDA:7,(anonymous_7)
FNDA:0,(anonymous_8)
FNDA:4,(anonymous_9)
FNDA:7,(anonymous_10)
FNDA:7,(anonymous_11)
FNDA:7,(anonymous_12)
FNDA:7,(anonymous_13)
FNDA:7,(anonymous_14)
FNDA:42,(anonymous_15)
FNDA:42,(anonymous_16)
FNDA:42,(anonymous_17)
FNDA:7,(anonymous_18)
FNDA:42,(anonymous_19)
FNDA:42,(anonymous_20)
FNDA:7,(anonymous_21)
FNDA:7,(anonymous_22)
FNDA:0,(anonymous_23)
FNDA:7,(anonymous_24)
FNDA:0,(anonymous_25)
FNDA:0,(anonymous_26)
FNDA:0,(anonymous_27)
FNDA:0,(anonymous_28)
FNDA:0,toggleMode
FNDA:0,(anonymous_30)
FNDA:0,(anonymous_31)
FNDA:0,(anonymous_32)
FNDA:0,(anonymous_33)
FNDA:0,(anonymous_34)
FNDA:0,(anonymous_35)
FNDA:0,(anonymous_36)
FNDA:0,(anonymous_37)
FNDA:0,(anonymous_38)
FNDA:8,TablaPedidos
FNDA:0,(anonymous_40)
FNDA:0,(anonymous_41)
FNDA:16,SkeletonCard
FNDA:24,StatCard
FNDA:16,(anonymous_44)
FNDA:0,(anonymous_45)
FNDA:0,Row
FNDA:12,pctDelta
DA:8,14
DA:9,14
DA:12,0
DA:13,0
DA:16,84
DA:17,84
DA:20,0
DA:21,0
DA:22,0
DA:26,8
DA:27,8
DA:28,8
DA:29,8
DA:30,8
DA:31,8
DA:32,8
DA:33,8
DA:35,8
DA:36,8
DA:37,8
DA:38,8
DA:41,8
DA:43,8
DA:46,4
DA:47,4
DA:48,0
DA:50,4
DA:52,4
DA:61,3
DA:62,3
DA:63,3
DA:65,3
DA:66,4
DA:67,4
DA:69,4
DA:70,3
DA:71,3
DA:72,4
DA:73,4
DA:74,3
DA:75,4
DA:77,1
DA:79,4
DA:80,4
DA:81,4
DA:85,8
DA:86,4
DA:90,8
DA:91,7
DA:92,7
DA:93,7
DA:97,8
DA:98,8
DA:99,8
DA:100,8
DA:101,4
DA:102,4
DA:105,8
DA:106,7
DA:107,7
DA:108,0
DA:109,0
DA:110,0
DA:111,0
DA:114,7
DA:117,8
DA:118,7
DA:119,7
DA:120,0
DA:121,0
DA:122,0
DA:123,0
DA:126,7
DA:129,8
DA:130,7
DA:131,7
DA:132,0
DA:133,0
DA:135,7
DA:138,8
DA:139,7
DA:140,7
DA:141,0
DA:142,0
DA:144,7
DA:147,8
DA:150,8
DA:151,7
DA:152,7
DA:153,42
DA:154,42
DA:157,7
DA:158,7
DA:159,7
DA:160,42
DA:161,42
DA:162,42
DA:165,7
DA:166,0
DA:167,0
DA:168,0
DA:169,0
DA:170,0
DA:173,42
DA:174,42
DA:175,42
DA:177,7
DA:179,7
DA:180,7
DA:182,7
DA:183,7
DA:186,7
DA:190,8
DA:191,7
DA:192,7
DA:193,42
DA:194,42
DA:196,7
DA:197,42
DA:199,7
DA:200,0
DA:201,0
DA:202,0
DA:205,42
DA:206,42
DA:208,7
DA:215,8
DA:216,7
DA:217,7
DA:218,0
DA:219,0
DA:220,0
DA:222,7
DA:223,7
DA:224,7
DA:225,7
DA:229,8
DA:230,7
DA:231,7
DA:234,8
DA:235,7
DA:236,7
DA:237,7
DA:240,8
DA:248,0
DA:253,0
DA:257,8
DA:265,0
DA:273,0
DA:276,8
DA:343,0
DA:386,0
DA:393,0
DA:404,0
DA:414,0
DA:464,0
DA:471,0
DA:517,0
DA:560,8
DA:577,0
DA:578,0
DA:582,0
DA:600,16
DA:610,24
DA:612,24
DA:614,16
DA:615,16
DA:617,16
DA:618,16
DA:619,16
DA:622,0
DA:623,0
DA:625,0
DA:626,0
DA:627,0
DA:629,0
DA:630,0
DA:633,0
DA:637,0
DA:639,0
DA:640,0
DA:643,0
DA:646,24
DA:647,24
DA:649,24
DA:650,18
DA:651,0
DA:653,18
DA:654,18
DA:655,18
DA:656,18
DA:657,18
DA:661,24
DA:678,0
DA:681,0
DA:696,12
DA:697,12
DA:698,12
DA:699,0
LF:199
LH:139
BRDA:8,0,0,14
BRDA:8,0,1,14
BRDA:21,1,0,0
BRDA:21,1,1,0
BRDA:47,2,0,4
BRDA:47,2,1,0
BRDA:61,3,0,0
BRDA:61,3,1,3
BRDA:62,4,0,0
BRDA:62,4,1,3
BRDA:63,5,0,0
BRDA:63,5,1,3
BRDA:65,6,0,3
BRDA:65,6,1,0
BRDA:66,7,0,3
BRDA:66,7,1,0
BRDA:67,8,0,3
BRDA:67,8,1,0
BRDA:71,9,0,3
BRDA:71,9,1,0
BRDA:72,10,0,3
BRDA:72,10,1,0
BRDA:74,11,0,3
BRDA:74,11,1,0
BRDA:77,12,0,1
BRDA:77,12,1,0
BRDA:92,13,0,7
BRDA:92,13,1,0
BRDA:109,14,0,0
BRDA:109,14,1,0
BRDA:109,15,0,0
BRDA:109,15,1,0
BRDA:110,16,0,0
BRDA:110,16,1,0
BRDA:110,17,0,0
BRDA:110,17,1,0
BRDA:111,18,0,0
BRDA:111,18,1,0
BRDA:111,19,0,0
BRDA:111,19,1,0
BRDA:121,20,0,0
BRDA:121,20,1,0
BRDA:121,21,0,0
BRDA:121,21,1,0
BRDA:122,22,0,0
BRDA:122,22,1,0
BRDA:122,23,0,0
BRDA:122,23,1,0
BRDA:123,24,0,0
BRDA:123,24,1,0
BRDA:123,25,0,0
BRDA:123,25,1,0
BRDA:133,26,0,0
BRDA:133,26,1,0
BRDA:133,27,0,0
BRDA:133,27,1,0
BRDA:142,28,0,0
BRDA:142,28,1,0
BRDA:142,29,0,0
BRDA:142,29,1,0
BRDA:167,30,0,0
BRDA:167,30,1,0
BRDA:168,31,0,0
BRDA:168,31,1,0
BRDA:169,32,0,0
BRDA:169,32,1,0
BRDA:170,33,0,0
BRDA:170,33,1,0
BRDA:179,34,0,7
BRDA:179,34,1,0
BRDA:179,35,0,7
BRDA:179,35,1,0
BRDA:182,36,0,7
BRDA:182,36,1,0
BRDA:182,37,0,7
BRDA:182,37,1,0
BRDA:201,38,0,0
BRDA:201,38,1,0
BRDA:218,39,0,0
BRDA:218,39,1,0
BRDA:219,40,0,0
BRDA:219,40,1,0
BRDA:223,41,0,7
BRDA:223,41,1,7
BRDA:223,42,0,7
BRDA:223,42,1,7
BRDA:223,43,0,7
BRDA:223,43,1,7
BRDA:223,44,0,7
BRDA:223,44,1,7
BRDA:230,45,0,0
BRDA:230,45,1,0
BRDA:236,46,0,0
BRDA:236,46,1,0
BRDA:253,47,0,0
BRDA:253,47,1,0
BRDA:265,48,0,0
BRDA:265,48,1,0
BRDA:273,49,0,0
BRDA:273,49,1,0
BRDA:282,50,0,8
BRDA:282,50,1,0
BRDA:293,51,0,4
BRDA:293,51,1,4
BRDA:310,52,0,8
BRDA:310,52,1,1
BRDA:318,53,0,8
BRDA:318,53,1,4
BRDA:318,53,2,3
BRDA:377,54,0,8
BRDA:377,54,1,7
BRDA:385,55,0,7
BRDA:385,55,1,0
BRDA:392,56,0,0
BRDA:392,56,1,7
BRDA:402,57,0,0
BRDA:402,57,1,7
BRDA:412,58,0,0
BRDA:412,58,1,7
BRDA:423,59,0,4
BRDA:423,59,1,3
BRDA:433,60,0,3
BRDA:433,60,1,0
BRDA:445,61,0,4
BRDA:445,61,1,3
BRDA:457,62,0,8
BRDA:457,62,1,7
BRDA:463,63,0,7
BRDA:463,63,1,0
BRDA:470,64,0,0
BRDA:470,64,1,7
BRDA:476,65,0,4
BRDA:476,65,1,3
BRDA:479,66,0,4
BRDA:479,66,1,3
BRDA:511,67,0,8
BRDA:511,67,1,4
BRDA:514,68,0,8
BRDA:514,68,1,4
BRDA:514,68,2,4
BRDA:517,69,0,8
BRDA:517,69,1,4
BRDA:521,70,0,0
BRDA:521,70,1,0
BRDA:536,71,0,4
BRDA:536,71,1,4
BRDA:573,72,0,8
BRDA:573,72,1,8
BRDA:587,73,0,0
BRDA:587,73,1,0
BRDA:588,74,0,0
BRDA:588,74,1,0
BRDA:609,75,0,24
BRDA:615,76,0,16
BRDA:615,76,1,0
BRDA:617,77,0,16
BRDA:617,77,1,0
BRDA:617,78,0,16
BRDA:617,78,1,16
BRDA:639,79,0,0
BRDA:639,79,1,0
BRDA:649,80,0,18
BRDA:649,80,1,6
BRDA:650,81,0,0
BRDA:650,81,1,18
BRDA:650,82,0,18
BRDA:650,82,1,18
BRDA:654,83,0,6
BRDA:654,83,1,12
BRDA:655,84,0,6
BRDA:655,84,1,12
BRDA:656,85,0,0
BRDA:656,85,1,18
BRDA:665,86,0,24
BRDA:665,86,1,18
BRDA:672,87,0,18
BRDA:672,87,1,6
BRDA:672,88,0,24
BRDA:672,88,1,18
BRDA:672,89,0,6
BRDA:672,89,1,0
BRDA:678,90,0,0
BRDA:678,90,1,0
BRDA:686,91,0,0
BRDA:686,91,1,0
BRDA:696,92,0,12
BRDA:696,92,1,12
BRDA:697,93,0,12
BRDA:697,93,1,12
BRDA:698,94,0,12
BRDA:698,94,1,0
BRDA:698,95,0,12
BRDA:698,95,1,0
BRF:193
BRH:92
end_of_record
TN:
SF:src\components\MovimientosPage.jsx
FN:11,formatEUR
FN:15,formatDate
FN:20,Chip
FN:29,ModalCenter
FN:43,MovimientosPage
FN:55,(anonymous_5)
FN:67,fetchMovs
FN:82,(anonymous_7)
FN:86,addMovimiento
FN:120,(anonymous_9)
FN:140,(anonymous_10)
FN:145,(anonymous_11)
FN:163,(anonymous_12)
FN:186,(anonymous_13)
FN:219,(anonymous_14)
FN:227,(anonymous_15)
FN:235,(anonymous_16)
FN:249,(anonymous_17)
FN:251,(anonymous_18)
FN:252,(anonymous_19)
FN:256,(anonymous_20)
FN:268,(anonymous_21)
FN:271,(anonymous_22)
FN:278,(anonymous_23)
FN:282,(anonymous_24)
FN:294,(anonymous_25)
FN:298,(anonymous_26)
FN:307,(anonymous_27)
FN:314,(anonymous_28)
FN:325,(anonymous_29)
FN:328,(anonymous_30)
FN:341,(anonymous_31)
FN:355,(anonymous_32)
FN:371,(anonymous_33)
FN:383,(anonymous_34)
FN:394,(anonymous_35)
FN:426,(anonymous_36)
FNF:37
FNH:10
FNDA:33,formatEUR
FNDA:0,formatDate
FNDA:0,Chip
FNDA:22,ModalCenter
FNDA:11,MovimientosPage
FNDA:6,(anonymous_5)
FNDA:6,fetchMovs
FNDA:6,(anonymous_7)
FNDA:0,addMovimiento
FNDA:0,(anonymous_9)
FNDA:10,(anonymous_10)
FNDA:0,(anonymous_11)
FNDA:10,(anonymous_12)
FNDA:0,(anonymous_13)
FNDA:11,(anonymous_14)
FNDA:0,(anonymous_15)
FNDA:0,(anonymous_16)
FNDA:0,(anonymous_17)
FNDA:0,(anonymous_18)
FNDA:0,(anonymous_19)
FNDA:0,(anonymous_20)
FNDA:0,(anonymous_21)
FNDA:0,(anonymous_22)
FNDA:33,(anonymous_23)
FNDA:0,(anonymous_24)
FNDA:0,(anonymous_25)
FNDA:0,(anonymous_26)
FNDA:0,(anonymous_27)
FNDA:0,(anonymous_28)
FNDA:0,(anonymous_29)
FNDA:0,(anonymous_30)
FNDA:0,(anonymous_31)
FNDA:0,(anonymous_32)
FNDA:0,(anonymous_33)
FNDA:0,(anonymous_34)
FNDA:0,(anonymous_35)
FNDA:0,(anonymous_36)
DA:6,1
DA:12,33
DA:13,33
DA:16,0
DA:17,0
DA:21,0
DA:30,22
DA:31,0
DA:44,11
DA:45,11
DA:46,11
DA:49,11
DA:50,11
DA:51,11
DA:52,11
DA:55,11
DA:56,11
DA:57,11
DA:58,11
DA:59,11
DA:62,11
DA:63,11
DA:64,11
DA:65,11
DA:66,11
DA:68,6
DA:69,6
DA:70,6
DA:71,6
DA:72,5
DA:73,5
DA:75,1
DA:77,6
DA:82,11
DA:83,6
DA:87,0
DA:89,0
DA:90,0
DA:91,0
DA:92,0
DA:94,0
DA:95,0
DA:96,0
DA:101,0
DA:104,0
DA:105,0
DA:106,0
DA:112,0
DA:117,0
DA:118,0
DA:120,0
DA:121,0
DA:122,0
DA:123,0
DA:124,0
DA:125,0
DA:126,0
DA:127,0
DA:129,0
DA:130,0
DA:136,0
DA:140,11
DA:141,10
DA:142,10
DA:143,10
DA:145,10
DA:146,0
DA:148,0
DA:149,0
DA:150,0
DA:151,0
DA:152,0
DA:153,0
DA:156,0
DA:157,0
DA:158,0
DA:163,11
DA:164,10
DA:165,10
DA:166,10
DA:168,10
DA:169,10
DA:170,10
DA:171,0
DA:172,0
DA:173,0
DA:174,0
DA:177,10
DA:178,10
DA:181,11
DA:186,0
DA:220,11
DA:221,11
DA:227,0
DA:235,0
DA:249,0
DA:251,0
DA:252,0
DA:256,0
DA:268,0
DA:271,0
DA:278,33
DA:282,0
DA:294,0
DA:298,0
DA:307,0
DA:314,0
DA:325,0
DA:328,0
DA:341,0
DA:355,0
DA:371,0
DA:383,0
DA:394,0
DA:427,0
DA:428,0
LF:116
LH:49
BRDA:12,0,0,33
BRDA:12,0,1,33
BRDA:17,1,0,0
BRDA:17,1,1,0
BRDA:29,2,0,22
BRDA:30,3,0,22
BRDA:30,3,1,0
BRDA:72,4,0,0
BRDA:72,4,1,5
BRDA:90,5,0,0
BRDA:90,5,1,0
BRDA:91,6,0,0
BRDA:91,6,1,0
BRDA:92,7,0,0
BRDA:92,7,1,0
BRDA:92,8,0,0
BRDA:92,8,1,0
BRDA:94,9,0,0
BRDA:94,9,1,0
BRDA:118,10,0,0
BRDA:118,10,1,0
BRDA:118,11,0,0
BRDA:118,11,1,0
BRDA:132,12,0,0
BRDA:132,12,1,0
BRDA:141,13,0,10
BRDA:141,13,1,10
BRDA:142,14,0,0
BRDA:142,14,1,10
BRDA:143,15,0,0
BRDA:143,15,1,10
BRDA:145,16,0,10
BRDA:145,16,1,0
BRDA:146,17,0,0
BRDA:146,17,1,0
BRDA:146,18,0,0
BRDA:146,18,1,0
BRDA:149,19,0,0
BRDA:149,19,1,0
BRDA:149,20,0,0
BRDA:149,20,1,0
BRDA:150,21,0,0
BRDA:150,21,1,0
BRDA:153,22,0,0
BRDA:153,22,1,0
BRDA:156,23,0,0
BRDA:156,23,1,0
BRDA:157,24,0,0
BRDA:157,24,1,0
BRDA:157,25,0,0
BRDA:157,25,1,0
BRDA:157,26,0,0
BRDA:157,26,1,0
BRDA:172,27,0,0
BRDA:172,27,1,0
BRDA:172,28,0,0
BRDA:172,28,1,0
BRDA:173,29,0,0
BRDA:173,29,1,0
BRDA:173,30,0,0
BRDA:173,30,1,0
BRDA:174,31,0,0
BRDA:174,31,1,0
BRDA:208,32,0,11
BRDA:208,32,1,0
BRDA:212,33,0,11
BRDA:212,33,1,0
BRDA:236,34,0,0
BRDA:236,34,1,11
BRDA:241,35,0,0
BRDA:241,35,1,11
BRDA:246,36,0,11
BRDA:246,36,1,0
BRDA:248,37,0,0
BRDA:248,37,1,0
BRDA:249,38,0,0
BRDA:249,38,1,0
BRDA:251,39,0,0
BRDA:251,39,1,0
BRDA:252,40,0,0
BRDA:252,40,1,0
BRDA:283,41,0,11
BRDA:283,41,1,22
BRDA:342,42,0,0
BRDA:342,42,1,11
BRDA:344,43,0,11
BRDA:344,43,1,0
BRDA:356,44,0,0
BRDA:356,44,1,11
BRDA:358,45,0,11
BRDA:358,45,1,0
BRDA:372,46,0,0
BRDA:372,46,1,11
BRDA:374,47,0,11
BRDA:374,47,1,0
BRDA:402,48,0,0
BRDA:402,48,1,11
BRDA:404,49,0,0
BRDA:404,49,1,11
BRDA:421,50,0,11
BRDA:421,50,1,6
BRDA:422,51,0,11
BRDA:422,51,1,1
BRDA:423,52,0,11
BRDA:423,52,1,5
BRDA:423,52,2,4
BRDA:423,52,3,4
BRDA:427,53,0,0
BRDA:427,53,1,0
BRF:109
BRH:33
end_of_record
TN:
SF:src\components\NuevaVenta.jsx
FN:6,formatEUR
FN:11,Label
FN:20,Field
FN:46,TextArea
FN:72,Section
FN:92,NuevaVenta
FN:117,(anonymous_6)
FN:130,(anonymous_7)
FN:130,(anonymous_8)
FN:133,(anonymous_9)
FN:140,clearError
FN:141,(anonymous_11)
FN:147,(anonymous_12)
FN:151,Highlight
FN:166,(anonymous_14)
FN:167,(anonymous_15)
FN:194,(anonymous_16)
FN:209,(anonymous_17)
FN:212,chooseClient
FN:220,clearSelectedClient
FN:227,onClientKeyDown
FN:232,(anonymous_21)
FN:235,(anonymous_22)
FN:246,(anonymous_23)
FN:247,(anonymous_24)
FN:261,(anonymous_25)
FN:264,(anonymous_26)
FN:265,(anonymous_27)
FN:266,(anonymous_28)
FN:267,(anonymous_29)
FN:278,(anonymous_30)
FN:281,addItem
FN:282,(anonymous_32)
FN:283,(anonymous_33)
FN:297,updateCantidad
FN:299,(anonymous_35)
FN:299,(anonymous_36)
FN:302,removeItem
FN:303,(anonymous_38)
FN:303,(anonymous_39)
FN:306,onKeyDown
FN:311,(anonymous_41)
FN:314,(anonymous_42)
FN:325,handleSubmit
FN:346,(anonymous_44)
FN:384,(anonymous_45)
FN:427,(anonymous_46)
FN:508,(anonymous_47)
FN:508,(anonymous_48)
FN:535,(anonymous_49)
FN:552,(anonymous_50)
FN:574,(anonymous_51)
FN:578,(anonymous_52)
FN:582,(anonymous_53)
FN:624,(anonymous_54)
FN:642,(anonymous_55)
FN:654,(anonymous_56)
FN:667,(anonymous_57)
FN:679,(anonymous_58)
FN:694,(anonymous_59)
FN:705,(anonymous_60)
FN:714,(anonymous_61)
FN:727,(anonymous_62)
FN:738,(anonymous_63)
FN:748,(anonymous_64)
FN:760,(anonymous_65)
FN:772,(anonymous_66)
FN:776,(anonymous_67)
FN:790,(anonymous_68)
FN:806,(anonymous_69)
FN:810,(anonymous_70)
FN:814,(anonymous_71)
FN:847,(anonymous_72)
FN:861,(anonymous_73)
FN:874,(anonymous_74)
FN:914,(anonymous_75)
FN:927,(anonymous_76)
FNF:77
FNH:14
FNDA:10,formatEUR
FNDA:10,Label
FNDA:15,Field
FNDA:5,TextArea
FNDA:10,Section
FNDA:5,NuevaVenta
FNDA:5,(anonymous_6)
FNDA:5,(anonymous_7)
FNDA:0,(anonymous_8)
FNDA:5,(anonymous_9)
FNDA:0,clearError
FNDA:0,(anonymous_11)
FNDA:0,(anonymous_12)
FNDA:0,Highlight
FNDA:5,(anonymous_14)
FNDA:0,(anonymous_15)
FNDA:0,(anonymous_16)
FNDA:5,(anonymous_17)
FNDA:0,chooseClient
FNDA:0,clearSelectedClient
FNDA:0,onClientKeyDown
FNDA:0,(anonymous_21)
FNDA:0,(anonymous_22)
FNDA:5,(anonymous_23)
FNDA:0,(anonymous_24)
FNDA:0,(anonymous_25)
FNDA:0,(anonymous_26)
FNDA:0,(anonymous_27)
FNDA:0,(anonymous_28)
FNDA:0,(anonymous_29)
FNDA:5,(anonymous_30)
FNDA:0,addItem
FNDA:0,(anonymous_32)
FNDA:0,(anonymous_33)
FNDA:0,updateCantidad
FNDA:0,(anonymous_35)
FNDA:0,(anonymous_36)
FNDA:0,removeItem
FNDA:0,(anonymous_38)
FNDA:0,(anonymous_39)
FNDA:0,onKeyDown
FNDA:0,(anonymous_41)
FNDA:0,(anonymous_42)
FNDA:0,handleSubmit
FNDA:0,(anonymous_44)
FNDA:0,(anonymous_45)
FNDA:0,(anonymous_46)
FNDA:5,(anonymous_47)
FNDA:0,(anonymous_48)
FNDA:0,(anonymous_49)
FNDA:0,(anonymous_50)
FNDA:0,(anonymous_51)
FNDA:0,(anonymous_52)
FNDA:0,(anonymous_53)
FNDA:0,(anonymous_54)
FNDA:0,(anonymous_55)
FNDA:0,(anonymous_56)
FNDA:0,(anonymous_57)
FNDA:0,(anonymous_58)
FNDA:0,(anonymous_59)
FNDA:0,(anonymous_60)
FNDA:0,(anonymous_61)
FNDA:0,(anonymous_62)
FNDA:0,(anonymous_63)
FNDA:0,(anonymous_64)
FNDA:0,(anonymous_65)
FNDA:0,(anonymous_66)
FNDA:0,(anonymous_67)
FNDA:0,(anonymous_68)
FNDA:0,(anonymous_69)
FNDA:0,(anonymous_70)
FNDA:0,(anonymous_71)
FNDA:0,(anonymous_72)
FNDA:0,(anonymous_73)
FNDA:0,(anonymous_74)
FNDA:0,(anonymous_75)
FNDA:0,(anonymous_76)
DA:7,10
DA:8,10
DA:12,10
DA:21,15
DA:47,5
DA:73,10
DA:94,5
DA:97,5
DA:98,5
DA:99,5
DA:100,5
DA:101,5
DA:104,5
DA:105,5
DA:106,5
DA:107,5
DA:108,5
DA:109,5
DA:110,5
DA:111,5
DA:112,5
DA:113,5
DA:114,5
DA:117,5
DA:118,5
DA:121,5
DA:122,5
DA:123,5
DA:124,5
DA:125,5
DA:128,5
DA:129,5
DA:130,5
DA:133,5
DA:134,5
DA:137,5
DA:138,5
DA:141,0
DA:142,0
DA:143,0
DA:144,0
DA:145,0
DA:147,0
DA:152,0
DA:153,0
DA:154,0
DA:155,0
DA:156,0
DA:166,5
DA:167,5
DA:168,0
DA:171,0
DA:172,0
DA:173,0
DA:174,0
DA:177,0
DA:178,0
DA:179,0
DA:180,0
DA:183,0
DA:184,0
DA:185,0
DA:186,0
DA:187,0
DA:189,0
DA:190,0
DA:191,0
DA:192,0
DA:193,0
DA:195,0
DA:200,0
DA:201,0
DA:203,0
DA:204,0
DA:205,0
DA:209,5
DA:213,0
DA:214,0
DA:215,0
DA:216,0
DA:217,0
DA:221,0
DA:222,0
DA:223,0
DA:224,0
DA:228,0
DA:230,0
DA:231,0
DA:232,0
DA:233,0
DA:234,0
DA:235,0
DA:236,0
DA:237,0
DA:238,0
DA:239,0
DA:240,0
DA:241,0
DA:246,5
DA:247,5
DA:248,0
DA:249,0
DA:250,0
DA:251,0
DA:253,0
DA:254,0
DA:255,0
DA:256,0
DA:257,0
DA:258,0
DA:260,0
DA:261,0
DA:262,0
DA:263,0
DA:264,0
DA:265,0
DA:266,0
DA:267,0
DA:269,0
DA:270,0
DA:272,0
DA:273,0
DA:274,0
DA:278,5
DA:282,0
DA:283,0
DA:284,0
DA:285,0
DA:286,0
DA:287,0
DA:289,0
DA:291,0
DA:292,0
DA:293,0
DA:294,0
DA:298,0
DA:299,0
DA:303,0
DA:307,0
DA:309,0
DA:310,0
DA:311,0
DA:312,0
DA:313,0
DA:314,0
DA:315,0
DA:316,0
DA:317,0
DA:318,0
DA:319,0
DA:320,0
DA:326,0
DA:328,0
DA:329,0
DA:331,0
DA:332,0
DA:346,0
DA:347,0
DA:350,0
DA:352,0
DA:353,0
DA:355,0
DA:356,0
DA:357,0
DA:358,0
DA:359,0
DA:360,0
DA:361,0
DA:362,0
DA:363,0
DA:366,0
DA:367,0
DA:368,0
DA:369,0
DA:370,0
DA:372,0
DA:373,0
DA:378,0
DA:381,0
DA:384,0
DA:391,0
DA:392,0
DA:393,0
DA:395,0
DA:399,0
DA:400,0
DA:402,0
DA:420,0
DA:421,0
DA:427,0
DA:429,0
DA:430,0
DA:431,0
DA:432,0
DA:433,0
DA:438,0
DA:442,0
DA:443,0
DA:444,0
DA:445,0
DA:446,0
DA:447,0
DA:448,0
DA:450,0
DA:451,0
DA:453,0
DA:454,0
DA:455,0
DA:456,0
DA:457,0
DA:458,0
DA:459,0
DA:460,0
DA:461,0
DA:462,0
DA:463,0
DA:467,0
DA:468,0
DA:469,0
DA:476,0
DA:477,0
DA:478,0
DA:479,0
DA:480,0
DA:481,0
DA:482,0
DA:485,0
DA:486,0
DA:487,0
DA:488,0
DA:489,0
DA:490,0
DA:491,0
DA:492,0
DA:497,0
DA:498,0
DA:499,0
DA:500,0
DA:508,5
DA:509,5
DA:511,5
DA:512,5
DA:514,5
DA:536,0
DA:537,0
DA:538,0
DA:539,0
DA:553,0
DA:555,0
DA:556,0
DA:574,0
DA:579,0
DA:580,0
DA:582,0
DA:625,0
DA:626,0
DA:643,0
DA:644,0
DA:655,0
DA:656,0
DA:668,0
DA:669,0
DA:680,0
DA:681,0
DA:695,0
DA:696,0
DA:705,0
DA:715,0
DA:716,0
DA:728,0
DA:729,0
DA:738,0
DA:749,0
DA:750,0
DA:761,0
DA:762,0
DA:772,0
DA:776,0
DA:790,0
DA:806,0
DA:811,0
DA:812,0
DA:814,0
DA:848,0
DA:849,0
DA:850,0
DA:861,0
DA:874,0
DA:914,0
DA:927,0
LF:290
LH:48
BRDA:7,0,0,10
BRDA:7,0,1,10
BRDA:15,1,0,5
BRDA:15,1,1,5
BRDA:20,2,0,15
BRDA:23,3,0,5
BRDA:23,3,1,10
BRDA:28,4,0,0
BRDA:28,4,1,5
BRDA:36,5,0,0
BRDA:36,5,1,15
BRDA:39,6,0,0
BRDA:39,6,1,15
BRDA:46,7,0,5
BRDA:49,8,0,5
BRDA:49,8,1,0
BRDA:54,9,0,0
BRDA:54,9,1,5
BRDA:62,10,0,0
BRDA:62,10,1,5
BRDA:65,11,0,0
BRDA:65,11,1,5
BRDA:77,12,0,0
BRDA:77,12,1,10
BRDA:83,13,0,10
BRDA:83,13,1,0
BRDA:85,14,0,5
BRDA:85,14,1,5
BRDA:130,15,0,0
BRDA:130,15,1,0
BRDA:142,16,0,0
BRDA:142,16,1,0
BRDA:147,17,0,0
BRDA:147,17,1,0
BRDA:153,18,0,0
BRDA:153,18,1,0
BRDA:155,19,0,0
BRDA:155,19,1,0
BRDA:168,20,0,0
BRDA:168,20,1,0
BRDA:171,21,0,0
BRDA:171,21,1,0
BRDA:177,22,0,0
BRDA:177,22,1,0
BRDA:186,23,0,0
BRDA:186,23,1,0
BRDA:190,24,0,0
BRDA:190,24,1,0
BRDA:195,25,0,0
BRDA:195,25,1,0
BRDA:195,25,2,0
BRDA:197,26,0,0
BRDA:197,26,1,0
BRDA:201,27,0,0
BRDA:201,27,1,0
BRDA:216,28,0,0
BRDA:216,28,1,0
BRDA:216,29,0,0
BRDA:216,29,1,0
BRDA:228,30,0,0
BRDA:228,30,1,0
BRDA:230,31,0,0
BRDA:230,31,1,0
BRDA:233,32,0,0
BRDA:233,32,1,0
BRDA:236,33,0,0
BRDA:236,33,1,0
BRDA:238,34,0,0
BRDA:238,34,1,0
BRDA:239,35,0,0
BRDA:239,35,1,0
BRDA:248,36,0,0
BRDA:248,36,1,0
BRDA:255,37,0,0
BRDA:255,37,1,0
BRDA:261,38,0,0
BRDA:270,39,0,0
BRDA:270,39,1,0
BRDA:284,40,0,0
BRDA:284,40,1,0
BRDA:298,41,0,0
BRDA:298,41,1,0
BRDA:299,42,0,0
BRDA:299,42,1,0
BRDA:307,43,0,0
BRDA:307,43,1,0
BRDA:309,44,0,0
BRDA:309,44,1,0
BRDA:312,45,0,0
BRDA:312,45,1,0
BRDA:315,46,0,0
BRDA:315,46,1,0
BRDA:317,47,0,0
BRDA:317,47,1,0
BRDA:318,48,0,0
BRDA:318,48,1,0
BRDA:347,49,0,0
BRDA:347,49,1,0
BRDA:350,50,0,0
BRDA:350,50,1,0
BRDA:352,51,0,0
BRDA:352,51,1,0
BRDA:353,52,0,0
BRDA:353,52,1,0
BRDA:355,53,0,0
BRDA:355,53,1,0
BRDA:356,54,0,0
BRDA:356,54,1,0
BRDA:357,55,0,0
BRDA:357,55,1,0
BRDA:358,56,0,0
BRDA:358,56,1,0
BRDA:359,57,0,0
BRDA:359,57,1,0
BRDA:360,58,0,0
BRDA:360,58,1,0
BRDA:361,59,0,0
BRDA:361,59,1,0
BRDA:362,60,0,0
BRDA:362,60,1,0
BRDA:363,61,0,0
BRDA:363,61,1,0
BRDA:367,62,0,0
BRDA:367,62,1,0
BRDA:387,63,0,0
BRDA:387,63,1,0
BRDA:391,64,0,0
BRDA:391,64,1,0
BRDA:393,65,0,0
BRDA:393,65,1,0
BRDA:399,66,0,0
BRDA:399,66,1,0
BRDA:410,67,0,0
BRDA:410,67,1,0
BRDA:413,68,0,0
BRDA:413,68,1,0
BRDA:429,69,0,0
BRDA:429,69,1,0
BRDA:430,70,0,0
BRDA:430,70,1,0
BRDA:435,71,0,0
BRDA:435,71,1,0
BRDA:450,72,0,0
BRDA:450,72,1,0
BRDA:468,73,0,0
BRDA:468,73,1,0
BRDA:476,74,0,0
BRDA:476,74,1,0
BRDA:479,75,0,0
BRDA:479,75,1,0
BRDA:482,76,0,0
BRDA:482,76,1,0
BRDA:482,77,0,0
BRDA:482,77,1,0
BRDA:497,78,0,0
BRDA:497,78,1,0
BRDA:502,79,0,0
BRDA:502,79,1,0
BRDA:508,80,0,0
BRDA:508,80,1,0
BRDA:509,81,0,0
BRDA:509,81,1,5
BRDA:509,82,0,0
BRDA:509,82,1,0
BRDA:509,83,0,0
BRDA:509,83,1,0
BRDA:511,84,0,5
BRDA:511,84,1,0
BRDA:512,85,0,5
BRDA:512,85,1,0
BRDA:539,86,0,0
BRDA:539,86,1,0
BRDA:547,87,0,5
BRDA:547,87,1,0
BRDA:555,88,0,0
BRDA:555,88,1,0
BRDA:565,89,0,0
BRDA:565,89,1,5
BRDA:565,90,0,5
BRDA:565,90,1,0
BRDA:571,91,0,0
BRDA:571,91,1,0
BRDA:585,92,0,0
BRDA:585,92,1,0
BRDA:594,93,0,0
BRDA:594,93,1,0
BRDA:595,94,0,0
BRDA:595,94,1,0
BRDA:610,95,0,0
BRDA:610,95,1,5
BRDA:618,96,0,0
BRDA:618,96,1,0
BRDA:619,97,0,0
BRDA:619,97,1,0
BRDA:794,98,0,5
BRDA:794,98,1,0
BRDA:797,99,0,0
BRDA:797,99,1,5
BRDA:803,100,0,0
BRDA:803,100,1,0
BRDA:817,101,0,0
BRDA:817,101,1,0
BRDA:848,102,0,0
BRDA:848,102,1,0
BRDA:885,103,0,5
BRDA:885,103,1,0
BRDA:920,104,0,0
BRDA:920,104,1,5
BRDA:950,105,0,0
BRDA:950,105,1,5
BRF:210
BRH:31
end_of_record
TN:
SF:src\components\ProductosPage.jsx
FN:8,useDebouncedValue
FN:10,(anonymous_1)
FN:11,(anonymous_2)
FN:12,(anonymous_3)
FN:17,eur
FN:22,clampNumberInput
FN:30,Button
FN:42,Chip
FN:58,Modal
FN:83,useLocalStorageState
FN:84,(anonymous_10)
FN:93,(anonymous_11)
FN:104,RequiredAsterisk
FN:109,ProductosPage
FN:138,(anonymous_14)
FN:176,(anonymous_15)
FN:176,(anonymous_16)
FN:178,fetchData
FN:200,(anonymous_18)
FN:204,(anonymous_19)
FN:208,(anonymous_20)
FN:216,(anonymous_21)
FN:222,(anonymous_22)
FN:229,(anonymous_23)
FN:235,(anonymous_24)
FN:236,(anonymous_25)
FN:241,(anonymous_26)
FN:244,(anonymous_27)
FN:247,(anonymous_28)
FN:250,(anonymous_29)
FN:253,(anonymous_30)
FN:256,(anonymous_31)
FN:279,(anonymous_32)
FN:286,(anonymous_33)
FN:291,(anonymous_34)
FN:297,(anonymous_35)
FN:302,(anonymous_36)
FN:306,(anonymous_37)
FN:315,(anonymous_38)
FN:320,(anonymous_39)
FN:320,(anonymous_40)
FN:322,(anonymous_41)
FN:333,validateCreate
FN:361,validateEdit
FN:390,crearProducto
FN:423,(anonymous_45)
FN:448,actualizarProducto
FN:488,(anonymous_47)
FN:488,(anonymous_48)
FN:505,abrirModalBorrar
FN:510,confirmarBorrado
FN:531,(anonymous_51)
FN:531,(anonymous_52)
FN:549,clearFilters
FN:558,toggleProviderOpen
FN:559,(anonymous_55)
FN:562,anyFilterActive
FN:572,sortLabel
FN:584,(anonymous_58)
FN:586,(anonymous_59)
FN:591,(anonymous_60)
FN:597,(anonymous_61)
FN:606,(anonymous_62)
FN:618,(anonymous_63)
FN:628,(anonymous_64)
FN:629,(anonymous_65)
FN:647,(anonymous_66)
FN:656,(anonymous_67)
FN:662,(anonymous_68)
FN:676,(anonymous_69)
FN:684,(anonymous_70)
FN:694,(anonymous_71)
FN:701,(anonymous_72)
FN:709,(anonymous_73)
FN:722,(anonymous_74)
FN:733,(anonymous_75)
FN:745,(anonymous_76)
FN:756,(anonymous_77)
FN:761,(anonymous_78)
FN:763,(anonymous_79)
FN:773,(anonymous_80)
FN:787,(anonymous_81)
FN:806,(anonymous_82)
FN:818,(anonymous_83)
FN:835,(anonymous_84)
FN:851,(anonymous_85)
FN:860,(anonymous_86)
FN:883,(anonymous_87)
FN:914,(anonymous_88)
FN:921,(anonymous_89)
FN:938,(anonymous_90)
FN:957,(anonymous_91)
FN:992,(anonymous_92)
FN:1000,(anonymous_93)
FN:1019,(anonymous_94)
FN:1029,(anonymous_95)
FN:1073,(anonymous_96)
FN:1082,(anonymous_97)
FN:1095,(anonymous_98)
FN:1109,(anonymous_99)
FN:1118,(anonymous_100)
FN:1130,(anonymous_101)
FN:1134,(anonymous_102)
FN:1151,(anonymous_103)
FN:1177,(anonymous_104)
FN:1188,(anonymous_105)
FN:1201,(anonymous_106)
FN:1216,(anonymous_107)
FN:1226,(anonymous_108)
FN:1239,(anonymous_109)
FN:1243,(anonymous_110)
FN:1258,(anonymous_111)
FN:1277,(anonymous_112)
FN:1297,(anonymous_113)
FNF:114
FNH:22
FNDA:12,useDebouncedValue
FNDA:6,(anonymous_1)
FNDA:0,(anonymous_2)
FNDA:6,(anonymous_3)
FNDA:0,eur
FNDA:0,clampNumberInput
FNDA:21,Button
FNDA:0,Chip
FNDA:5,Modal
FNDA:36,useLocalStorageState
FNDA:18,(anonymous_10)
FNDA:18,(anonymous_11)
FNDA:0,RequiredAsterisk
FNDA:12,ProductosPage
FNDA:6,(anonymous_14)
FNDA:0,(anonymous_15)
FNDA:0,(anonymous_16)
FNDA:6,fetchData
FNDA:6,(anonymous_18)
FNDA:6,(anonymous_19)
FNDA:6,(anonymous_20)
FNDA:11,(anonymous_21)
FNDA:0,(anonymous_22)
FNDA:0,(anonymous_23)
FNDA:0,(anonymous_24)
FNDA:0,(anonymous_25)
FNDA:0,(anonymous_26)
FNDA:0,(anonymous_27)
FNDA:0,(anonymous_28)
FNDA:0,(anonymous_29)
FNDA:0,(anonymous_30)
FNDA:0,(anonymous_31)
FNDA:11,(anonymous_32)
FNDA:11,(anonymous_33)
FNDA:0,(anonymous_34)
FNDA:0,(anonymous_35)
FNDA:11,(anonymous_36)
FNDA:0,(anonymous_37)
FNDA:0,(anonymous_38)
FNDA:11,(anonymous_39)
FNDA:0,(anonymous_40)
FNDA:6,(anonymous_41)
FNDA:0,validateCreate
FNDA:0,validateEdit
FNDA:0,crearProducto
FNDA:0,(anonymous_45)
FNDA:0,actualizarProducto
FNDA:0,(anonymous_47)
FNDA:0,(anonymous_48)
FNDA:0,abrirModalBorrar
FNDA:0,confirmarBorrado
FNDA:0,(anonymous_51)
FNDA:0,(anonymous_52)
FNDA:0,clearFilters
FNDA:0,toggleProviderOpen
FNDA:0,(anonymous_55)
FNDA:10,anyFilterActive
FNDA:0,sortLabel
FNDA:11,(anonymous_58)
FNDA:0,(anonymous_59)
FNDA:0,(anonymous_60)
FNDA:0,(anonymous_61)
FNDA:0,(anonymous_62)
FNDA:0,(anonymous_63)
FNDA:0,(anonymous_64)
FNDA:0,(anonymous_65)
FNDA:0,(anonymous_66)
FNDA:0,(anonymous_67)
FNDA:0,(anonymous_68)
FNDA:0,(anonymous_69)
FNDA:0,(anonymous_70)
FNDA:0,(anonymous_71)
FNDA:0,(anonymous_72)
FNDA:0,(anonymous_73)
FNDA:0,(anonymous_74)
FNDA:0,(anonymous_75)
FNDA:0,(anonymous_76)
FNDA:0,(anonymous_77)
FNDA:0,(anonymous_78)
FNDA:0,(anonymous_79)
FNDA:0,(anonymous_80)
FNDA:0,(anonymous_81)
FNDA:0,(anonymous_82)
FNDA:0,(anonymous_83)
FNDA:0,(anonymous_84)
FNDA:0,(anonymous_85)
FNDA:0,(anonymous_86)
FNDA:0,(anonymous_87)
FNDA:0,(anonymous_88)
FNDA:0,(anonymous_89)
FNDA:0,(anonymous_90)
FNDA:0,(anonymous_91)
FNDA:0,(anonymous_92)
FNDA:0,(anonymous_93)
FNDA:0,(anonymous_94)
FNDA:0,(anonymous_95)
FNDA:0,(anonymous_96)
FNDA:0,(anonymous_97)
FNDA:0,(anonymous_98)
FNDA:0,(anonymous_99)
FNDA:0,(anonymous_100)
FNDA:0,(anonymous_101)
FNDA:0,(anonymous_102)
FNDA:0,(anonymous_103)
FNDA:0,(anonymous_104)
FNDA:0,(anonymous_105)
FNDA:0,(anonymous_106)
FNDA:0,(anonymous_107)
FNDA:0,(anonymous_108)
FNDA:0,(anonymous_109)
FNDA:0,(anonymous_110)
FNDA:0,(anonymous_111)
FNDA:0,(anonymous_112)
FNDA:0,(anonymous_113)
DA:9,12
DA:10,12
DA:11,6
DA:12,6
DA:14,12
DA:18,0
DA:19,0
DA:23,0
DA:24,0
DA:25,0
DA:26,0
DA:27,0
DA:32,21
DA:33,21
DA:39,21
DA:43,0
DA:59,5
DA:60,0
DA:84,36
DA:85,18
DA:86,18
DA:87,18
DA:89,0
DA:93,36
DA:94,18
DA:95,18
DA:101,36
DA:105,0
DA:111,12
DA:112,12
DA:113,12
DA:116,12
DA:117,12
DA:120,12
DA:121,12
DA:124,12
DA:125,12
DA:127,12
DA:129,12
DA:130,12
DA:131,12
DA:132,12
DA:135,12
DA:138,12
DA:141,12
DA:144,12
DA:145,12
DA:146,12
DA:147,12
DA:148,12
DA:151,12
DA:152,12
DA:155,12
DA:156,12
DA:157,12
DA:158,12
DA:159,12
DA:160,12
DA:163,12
DA:164,12
DA:167,12
DA:170,12
DA:171,12
DA:174,12
DA:176,12
DA:179,6
DA:180,6
DA:181,6
DA:183,6
DA:184,5
DA:185,5
DA:187,5
DA:188,5
DA:189,5
DA:191,1
DA:192,1
DA:193,1
DA:196,6
DA:200,12
DA:201,6
DA:204,12
DA:205,6
DA:208,12
DA:209,6
DA:210,0
DA:211,0
DA:212,0
DA:216,12
DA:217,11
DA:218,11
DA:220,11
DA:221,0
DA:223,0
DA:229,11
DA:231,11
DA:232,11
DA:234,11
DA:235,11
DA:236,11
DA:239,11
DA:241,11
DA:242,11
DA:244,0
DA:245,0
DA:247,0
DA:248,0
DA:250,0
DA:251,0
DA:253,0
DA:254,0
DA:256,0
DA:257,0
DA:259,0
DA:262,11
DA:276,12
DA:277,12
DA:279,12
DA:280,11
DA:281,11
DA:282,11
DA:286,12
DA:287,11
DA:288,11
DA:289,0
DA:290,0
DA:291,0
DA:292,0
DA:294,0
DA:296,11
DA:297,11
DA:298,11
DA:302,12
DA:303,11
DA:304,11
DA:305,11
DA:306,0
DA:307,0
DA:308,0
DA:315,11
DA:316,11
DA:320,12
DA:322,12
DA:323,6
DA:324,0
DA:325,6
DA:326,6
DA:327,6
DA:328,6
DA:329,6
DA:334,0
DA:335,0
DA:337,0
DA:338,0
DA:339,0
DA:342,0
DA:343,0
DA:344,0
DA:345,0
DA:348,0
DA:349,0
DA:350,0
DA:353,0
DA:354,0
DA:355,0
DA:358,0
DA:362,0
DA:363,0
DA:365,0
DA:366,0
DA:367,0
DA:370,0
DA:371,0
DA:372,0
DA:373,0
DA:376,0
DA:377,0
DA:378,0
DA:381,0
DA:382,0
DA:383,0
DA:386,0
DA:391,0
DA:393,0
DA:394,0
DA:395,0
DA:397,0
DA:398,0
DA:399,0
DA:400,0
DA:402,0
DA:405,0
DA:406,0
DA:407,0
DA:414,0
DA:420,0
DA:422,0
DA:423,0
DA:425,0
DA:426,0
DA:432,0
DA:433,0
DA:434,0
DA:435,0
DA:436,0
DA:437,0
DA:438,0
DA:440,0
DA:441,0
DA:444,0
DA:449,0
DA:451,0
DA:452,0
DA:453,0
DA:455,0
DA:458,0
DA:459,0
DA:461,0
DA:462,0
DA:463,0
DA:464,0
DA:466,0
DA:469,0
DA:470,0
DA:471,0
DA:472,0
DA:479,0
DA:485,0
DA:487,0
DA:488,0
DA:490,0
DA:491,0
DA:494,0
DA:495,0
DA:497,0
DA:498,0
DA:501,0
DA:506,0
DA:507,0
DA:511,0
DA:512,0
DA:514,0
DA:516,0
DA:517,0
DA:519,0
DA:520,0
DA:521,0
DA:522,0
DA:523,0
DA:524,0
DA:528,0
DA:531,0
DA:532,0
DA:534,0
DA:535,0
DA:538,0
DA:539,0
DA:541,0
DA:542,0
DA:545,0
DA:550,0
DA:551,0
DA:552,0
DA:553,0
DA:554,0
DA:555,0
DA:559,0
DA:563,10
DA:573,0
DA:581,0
DA:584,12
DA:585,11
DA:586,11
DA:587,11
DA:588,0
DA:591,0
DA:593,11
DA:594,0
DA:598,0
DA:599,0
DA:602,11
DA:603,0
DA:606,0
DA:608,11
DA:613,12
DA:614,6
DA:615,1
DA:618,0
DA:625,5
DA:628,12
DA:629,12
DA:630,0
DA:633,12
DA:635,12
DA:647,0
DA:656,0
DA:662,0
DA:676,0
DA:684,0
DA:694,0
DA:701,0
DA:709,0
DA:723,0
DA:724,0
DA:725,0
DA:733,0
DA:745,0
DA:756,0
DA:761,0
DA:763,0
DA:773,0
DA:787,0
DA:806,0
DA:818,0
DA:835,0
DA:851,0
DA:860,0
DA:884,0
DA:885,0
DA:886,0
DA:915,0
DA:916,0
DA:917,0
DA:921,0
DA:938,0
DA:958,0
DA:959,0
DA:960,0
DA:992,0
DA:1000,0
DA:1020,0
DA:1021,0
DA:1025,0
DA:1030,0
DA:1073,0
DA:1083,0
DA:1084,0
DA:1085,0
DA:1095,0
DA:1109,0
DA:1118,0
DA:1130,0
DA:1134,0
DA:1152,0
DA:1153,0
DA:1154,0
DA:1155,0
DA:1156,0
DA:1157,0
DA:1178,0
DA:1179,0
DA:1180,0
DA:1189,0
DA:1190,0
DA:1191,0
DA:1201,0
DA:1216,0
DA:1226,0
DA:1239,0
DA:1243,0
DA:1259,0
DA:1260,0
DA:1261,0
DA:1262,0
DA:1263,0
DA:1264,0
DA:1278,0
DA:1279,0
DA:1280,0
DA:1298,0
DA:1299,0
DA:1300,0
LF:371
LH:129
BRDA:8,0,0,12
BRDA:18,1,0,0
BRDA:18,1,1,0
BRDA:23,2,0,0
BRDA:23,2,1,0
BRDA:23,3,0,0
BRDA:23,3,1,0
BRDA:23,3,2,0
BRDA:25,4,0,0
BRDA:25,4,1,0
BRDA:26,5,0,0
BRDA:26,5,1,0
BRDA:30,6,0,21
BRDA:30,7,0,21
BRDA:39,8,0,21
BRDA:39,8,1,0
BRDA:58,9,0,5
BRDA:59,10,0,5
BRDA:59,10,1,0
BRDA:87,11,0,15
BRDA:87,11,1,3
BRDA:176,12,0,0
BRDA:176,12,1,0
BRDA:184,13,0,0
BRDA:184,13,1,5
BRDA:185,14,0,0
BRDA:185,14,1,5
BRDA:209,15,0,6
BRDA:209,15,1,0
BRDA:209,16,0,6
BRDA:209,16,1,0
BRDA:212,17,0,0
BRDA:212,17,1,0
BRDA:212,17,2,0
BRDA:220,18,0,0
BRDA:220,18,1,11
BRDA:223,19,0,0
BRDA:223,19,1,0
BRDA:223,19,2,0
BRDA:229,20,0,0
BRDA:229,20,1,11
BRDA:231,21,0,11
BRDA:231,21,1,0
BRDA:232,22,0,11
BRDA:232,22,1,0
BRDA:234,23,0,11
BRDA:234,23,1,0
BRDA:235,24,0,0
BRDA:235,24,1,11
BRDA:235,25,0,11
BRDA:235,25,1,0
BRDA:235,26,0,0
BRDA:235,26,1,0
BRDA:236,27,0,0
BRDA:236,27,1,11
BRDA:236,28,0,11
BRDA:236,28,1,0
BRDA:236,29,0,0
BRDA:236,29,1,0
BRDA:239,30,0,11
BRDA:239,30,1,0
BRDA:239,30,2,0
BRDA:239,30,3,0
BRDA:239,30,4,0
BRDA:239,30,5,0
BRDA:239,30,6,0
BRDA:241,31,0,0
BRDA:241,31,1,0
BRDA:241,32,0,0
BRDA:241,32,1,0
BRDA:244,33,0,0
BRDA:244,33,1,0
BRDA:244,34,0,0
BRDA:244,34,1,0
BRDA:247,35,0,0
BRDA:247,35,1,0
BRDA:247,36,0,0
BRDA:247,36,1,0
BRDA:250,37,0,0
BRDA:250,37,1,0
BRDA:250,38,0,0
BRDA:250,38,1,0
BRDA:276,39,0,12
BRDA:276,39,1,0
BRDA:280,40,0,11
BRDA:280,40,1,0
BRDA:290,41,0,0
BRDA:290,41,1,0
BRDA:291,42,0,0
BRDA:291,42,1,0
BRDA:297,43,0,0
BRDA:297,43,1,0
BRDA:297,44,0,0
BRDA:297,44,1,0
BRDA:305,45,0,0
BRDA:305,45,1,11
BRDA:309,46,0,0
BRDA:309,46,1,0
BRDA:309,46,2,0
BRDA:315,47,0,0
BRDA:315,47,1,0
BRDA:315,48,0,0
BRDA:315,48,1,0
BRDA:320,49,0,11
BRDA:320,49,1,11
BRDA:323,50,0,6
BRDA:323,50,1,0
BRDA:324,51,0,0
BRDA:324,51,1,0
BRDA:325,52,0,6
BRDA:325,52,1,0
BRDA:326,53,0,6
BRDA:326,53,1,0
BRDA:327,54,0,6
BRDA:327,54,1,0
BRDA:337,55,0,0
BRDA:337,55,1,0
BRDA:343,56,0,0
BRDA:343,56,1,0
BRDA:343,57,0,0
BRDA:343,57,1,0
BRDA:348,58,0,0
BRDA:348,58,1,0
BRDA:353,59,0,0
BRDA:353,59,1,0
BRDA:353,60,0,0
BRDA:353,60,1,0
BRDA:365,61,0,0
BRDA:365,61,1,0
BRDA:371,62,0,0
BRDA:371,62,1,0
BRDA:371,63,0,0
BRDA:371,63,1,0
BRDA:376,64,0,0
BRDA:376,64,1,0
BRDA:381,65,0,0
BRDA:381,65,1,0
BRDA:381,66,0,0
BRDA:381,66,1,0
BRDA:397,67,0,0
BRDA:397,67,1,0
BRDA:420,68,0,0
BRDA:420,68,1,0
BRDA:451,69,0,0
BRDA:451,69,1,0
BRDA:461,70,0,0
BRDA:461,70,1,0
BRDA:485,71,0,0
BRDA:485,71,1,0
BRDA:488,72,0,0
BRDA:488,72,1,0
BRDA:506,73,0,0
BRDA:506,73,1,0
BRDA:511,74,0,0
BRDA:511,74,1,0
BRDA:519,75,0,0
BRDA:519,75,1,0
BRDA:524,76,0,0
BRDA:524,76,1,0
BRDA:524,76,2,0
BRDA:532,77,0,0
BRDA:532,77,1,0
BRDA:564,78,0,10
BRDA:564,78,1,10
BRDA:564,78,2,10
BRDA:564,78,3,10
BRDA:564,78,4,10
BRDA:581,79,0,0
BRDA:581,79,1,0
BRDA:586,80,0,0
BRDA:586,80,1,11
BRDA:587,81,0,0
BRDA:587,81,1,11
BRDA:593,82,0,0
BRDA:593,82,1,11
BRDA:593,83,0,11
BRDA:593,83,1,11
BRDA:596,84,0,0
BRDA:596,84,1,0
BRDA:596,85,0,0
BRDA:596,85,1,0
BRDA:602,86,0,0
BRDA:602,86,1,11
BRDA:613,87,0,6
BRDA:613,87,1,6
BRDA:614,88,0,1
BRDA:614,88,1,5
BRDA:625,89,0,5
BRDA:625,89,1,0
BRDA:628,90,0,0
BRDA:628,90,1,0
BRDA:630,91,0,0
BRDA:630,91,1,0
BRDA:646,92,0,5
BRDA:646,92,1,0
BRDA:654,93,0,0
BRDA:654,93,1,5
BRDA:668,94,0,5
BRDA:668,94,1,0
BRDA:681,95,0,5
BRDA:681,95,1,0
BRDA:694,96,0,0
BRDA:694,96,1,5
BRDA:695,97,0,0
BRDA:695,97,1,5
BRDA:702,98,0,5
BRDA:702,98,1,0
BRDA:711,99,0,0
BRDA:711,99,1,5
BRDA:718,100,0,5
BRDA:718,100,1,0
BRDA:743,101,0,5
BRDA:743,101,1,0
BRDA:790,102,0,0
BRDA:790,102,1,5
BRDA:807,103,0,0
BRDA:807,103,1,5
BRDA:819,104,0,0
BRDA:819,104,1,5
BRDA:825,105,0,5
BRDA:825,105,1,0
BRDA:843,106,0,5
BRDA:843,106,1,0
BRDA:856,107,0,0
BRDA:856,107,1,0
BRDA:872,108,0,0
BRDA:872,108,1,0
BRDA:900,109,0,0
BRDA:900,109,1,0
BRDA:900,110,0,0
BRDA:900,110,1,0
BRDA:906,111,0,0
BRDA:906,111,1,0
BRDA:928,112,0,0
BRDA:928,112,1,0
BRDA:931,113,0,0
BRDA:931,113,1,0
BRDA:934,114,0,0
BRDA:934,114,1,0
BRDA:950,115,0,0
BRDA:950,115,1,0
BRDA:997,116,0,0
BRDA:997,116,1,0
BRDA:1015,117,0,0
BRDA:1015,117,1,0
BRDA:1021,118,0,0
BRDA:1021,118,1,0
BRDA:1036,119,0,0
BRDA:1036,119,1,0
BRDA:1039,120,0,0
BRDA:1039,120,1,0
BRDA:1043,121,0,0
BRDA:1043,121,1,0
BRDA:1056,122,0,0
BRDA:1056,122,1,0
BRDA:1083,123,0,0
BRDA:1083,123,1,0
BRDA:1090,124,0,0
BRDA:1090,124,1,0
BRDA:1096,125,0,0
BRDA:1096,125,1,0
BRDA:1101,126,0,0
BRDA:1101,126,1,0
BRDA:1110,127,0,0
BRDA:1110,127,1,0
BRDA:1125,128,0,0
BRDA:1125,128,1,0
BRDA:1131,129,0,0
BRDA:1131,129,1,0
BRDA:1145,130,0,0
BRDA:1145,130,1,0
BRDA:1152,131,0,0
BRDA:1152,131,1,0
BRDA:1153,132,0,0
BRDA:1153,132,1,0
BRDA:1154,133,0,0
BRDA:1154,133,1,0
BRDA:1155,134,0,0
BRDA:1155,134,1,0
BRDA:1189,135,0,0
BRDA:1189,135,1,0
BRDA:1196,136,0,0
BRDA:1196,136,1,0
BRDA:1202,137,0,0
BRDA:1202,137,1,0
BRDA:1208,138,0,0
BRDA:1208,138,1,0
BRDA:1217,139,0,0
BRDA:1217,139,1,0
BRDA:1234,140,0,0
BRDA:1234,140,1,0
BRDA:1240,141,0,0
BRDA:1240,141,1,0
BRDA:1253,142,0,0
BRDA:1253,142,1,0
BRDA:1278,143,0,0
BRDA:1278,143,1,0
BRDA:1288,144,0,0
BRDA:1288,144,1,0
BRDA:1298,145,0,0
BRDA:1298,145,1,0
BRDA:1306,146,0,0
BRDA:1306,146,1,0
BRDA:1307,147,0,0
BRDA:1307,147,1,0
BRF:305
BRH:62
end_of_record
TN:
SF:src\components\Sidebar.jsx
FN:3,Sidebar
FN:33,(anonymous_1)
FN:42,(anonymous_2)
FN:50,(anonymous_3)
FNF:4
FNH:2
FNDA:12,Sidebar
FNDA:0,(anonymous_1)
FNDA:108,(anonymous_2)
FNDA:0,(anonymous_3)
DA:4,12
DA:6,12
DA:18,12
DA:33,0
DA:43,108
DA:44,108
DA:50,0
LF:7
LH:5
BRDA:24,0,0,0
BRDA:24,0,1,12
BRDA:49,1,0,12
BRDA:49,1,1,96
BRF:4
BRH:3
end_of_record
TN:
SF:src\components\Tendencias.jsx
FN:19,eur
FN:23,isoDate
FN:31,defaultRange
FN:39,TendenciasPage
FN:55,(anonymous_4)
FN:69,(anonymous_5)
FN:80,(anonymous_6)
FN:138,(anonymous_7)
FN:146,(anonymous_8)
FN:147,(anonymous_9)
FN:228,(anonymous_10)
FN:242,(anonymous_11)
FN:247,(anonymous_12)
FN:255,(anonymous_13)
FN:306,clearChat
FN:316,onSend
FN:333,(anonymous_16)
FN:338,(anonymous_17)
FN:346,(anonymous_18)
FN:347,(anonymous_19)
FN:359,(anonymous_20)
FN:365,(anonymous_21)
FN:403,(anonymous_22)
FN:403,(anonymous_23)
FN:412,(anonymous_24)
FN:412,(anonymous_25)
FN:416,(anonymous_26)
FN:419,(anonymous_27)
FN:422,(anonymous_28)
FN:431,(anonymous_29)
FN:440,(anonymous_30)
FN:450,(anonymous_31)
FN:538,(anonymous_32)
FN:559,(anonymous_33)
FN:610,(anonymous_34)
FN:624,(anonymous_35)
FN:625,(anonymous_36)
FN:626,(anonymous_37)
FN:633,(anonymous_38)
FN:649,(anonymous_39)
FN:649,(anonymous_40)
FN:681,sanitizeHtml
FN:683,(anonymous_42)
FN:689,RenderedMessage
FN:703,(anonymous_44)
FN:726,(anonymous_45)
FN:735,ChartBlock
FN:762,extractCharts
FN:791,tryParseChartsJson
FN:821,parseMarkdownTables
FN:826,(anonymous_50)
FN:858,looksLikeTableHeader
FN:867,parseTable
FN:868,(anonymous_53)
FN:877,(anonymous_54)
FN:886,splitRow
FN:891,(anonymous_56)
FN:894,MarkdownTable
FN:904,(anonymous_58)
FN:912,(anonymous_59)
FN:914,(anonymous_60)
FN:930,KPI
FN:939,RowDelta
FN:940,(anonymous_63)
FN:952,Pill
FN:967,Chip
FN:979,ChatBubble
FNF:67
FNH:23
FNDA:15,eur
FNDA:0,isoDate
FNDA:6,defaultRange
FNDA:12,TendenciasPage
FNDA:6,(anonymous_4)
FNDA:6,(anonymous_5)
FNDA:6,(anonymous_6)
FNDA:6,(anonymous_7)
FNDA:6,(anonymous_8)
FNDA:6,(anonymous_9)
FNDA:6,(anonymous_10)
FNDA:6,(anonymous_11)
FNDA:0,(anonymous_12)
FNDA:0,(anonymous_13)
FNDA:0,clearChat
FNDA:0,onSend
FNDA:0,(anonymous_16)
FNDA:0,(anonymous_17)
FNDA:0,(anonymous_18)
FNDA:0,(anonymous_19)
FNDA:0,(anonymous_20)
FNDA:0,(anonymous_21)
FNDA:0,(anonymous_22)
FNDA:0,(anonymous_23)
FNDA:0,(anonymous_24)
FNDA:0,(anonymous_25)
FNDA:0,(anonymous_26)
FNDA:0,(anonymous_27)
FNDA:0,(anonymous_28)
FNDA:0,(anonymous_29)
FNDA:0,(anonymous_30)
FNDA:0,(anonymous_31)
FNDA:0,(anonymous_32)
FNDA:0,(anonymous_33)
FNDA:12,(anonymous_34)
FNDA:0,(anonymous_35)
FNDA:0,(anonymous_36)
FNDA:0,(anonymous_37)
FNDA:0,(anonymous_38)
FNDA:1,(anonymous_39)
FNDA:1,(anonymous_40)
FNDA:0,sanitizeHtml
FNDA:0,(anonymous_42)
FNDA:17,RenderedMessage
FNDA:17,(anonymous_44)
FNDA:0,(anonymous_45)
FNDA:0,ChartBlock
FNDA:17,extractCharts
FNDA:0,tryParseChartsJson
FNDA:17,parseMarkdownTables
FNDA:17,(anonymous_50)
FNDA:17,looksLikeTableHeader
FNDA:0,parseTable
FNDA:0,(anonymous_53)
FNDA:0,(anonymous_54)
FNDA:0,splitRow
FNDA:0,(anonymous_56)
FNDA:0,MarkdownTable
FNDA:0,(anonymous_58)
FNDA:0,(anonymous_59)
FNDA:0,(anonymous_60)
FNDA:20,KPI
FNDA:0,RowDelta
FNDA:0,(anonymous_63)
FNDA:0,Pill
FNDA:36,Chip
FNDA:12,ChatBubble
DA:17,1
DA:20,15
DA:21,15
DA:24,0
DA:25,0
DA:26,0
DA:27,0
DA:28,0
DA:32,6
DA:33,6
DA:34,6
DA:35,6
DA:36,6
DA:41,12
DA:42,12
DA:43,12
DA:44,12
DA:45,12
DA:48,12
DA:49,12
DA:50,12
DA:51,12
DA:52,12
DA:55,12
DA:63,12
DA:64,12
DA:65,12
DA:66,12
DA:69,12
DA:71,6
DA:72,6
DA:74,6
DA:75,6
DA:77,6
DA:78,6
DA:80,6
DA:81,6
DA:82,6
DA:85,6
DA:86,6
DA:95,6
DA:96,6
DA:97,6
DA:98,6
DA:100,6
DA:103,5
DA:104,5
DA:106,5
DA:107,5
DA:116,1
DA:117,0
DA:118,0
DA:120,0
DA:122,1
DA:123,1
DA:125,1
DA:126,1
DA:133,6
DA:136,6
DA:138,6
DA:139,6
DA:140,6
DA:146,12
DA:147,6
DA:148,6
DA:149,6
DA:150,6
DA:151,6
DA:152,6
DA:154,6
DA:155,6
DA:157,6
DA:161,0
DA:162,0
DA:164,0
DA:165,0
DA:167,0
DA:168,0
DA:170,6
DA:171,6
DA:174,6
DA:175,6
DA:184,0
DA:185,0
DA:186,0
DA:187,0
DA:189,0
DA:192,0
DA:193,0
DA:195,0
DA:196,0
DA:204,0
DA:205,0
DA:206,0
DA:208,0
DA:210,0
DA:211,0
DA:213,0
DA:214,0
DA:221,0
DA:224,6
DA:228,12
DA:229,6
DA:232,12
DA:233,12
DA:235,12
DA:236,12
DA:237,12
DA:239,12
DA:240,12
DA:242,12
DA:243,6
DA:244,0
DA:247,12
DA:248,0
DA:249,0
DA:250,0
DA:251,0
DA:252,0
DA:255,12
DA:256,0
DA:257,0
DA:258,0
DA:266,0
DA:267,0
DA:268,0
DA:269,0
DA:270,0
DA:272,0
DA:273,0
DA:275,0
DA:276,0
DA:278,0
DA:279,0
DA:280,0
DA:281,0
DA:282,0
DA:283,0
DA:285,0
DA:287,0
DA:288,0
DA:296,0
DA:297,0
DA:307,0
DA:317,0
DA:318,0
DA:319,0
DA:321,0
DA:322,0
DA:323,0
DA:324,0
DA:332,0
DA:333,0
DA:334,0
DA:335,0
DA:337,0
DA:338,0
DA:339,0
DA:346,0
DA:347,0
DA:351,0
DA:356,0
DA:357,0
DA:359,0
DA:363,0
DA:365,0
DA:370,0
DA:371,0
DA:378,0
DA:379,0
DA:380,0
DA:381,0
DA:387,12
DA:403,0
DA:412,0
DA:416,0
DA:419,0
DA:422,0
DA:431,0
DA:440,0
DA:450,0
DA:538,0
DA:559,0
DA:610,12
DA:624,0
DA:625,0
DA:626,0
DA:633,0
DA:649,1
DA:682,0
DA:683,0
DA:684,0
DA:685,0
DA:690,17
DA:693,17
DA:695,17
DA:704,17
DA:705,17
DA:711,0
DA:712,0
DA:720,0
DA:726,0
DA:736,0
DA:737,0
DA:740,0
DA:741,0
DA:743,0
DA:744,0
DA:752,0
DA:763,17
DA:764,17
DA:767,17
DA:768,17
DA:769,0
DA:770,0
DA:771,0
DA:772,0
DA:773,0
DA:778,17
DA:779,17
DA:780,0
DA:781,0
DA:782,0
DA:783,0
DA:784,0
DA:788,17
DA:796,0
DA:799,0
DA:800,0
DA:801,0
DA:804,0
DA:807,0
DA:812,0
DA:813,0
DA:814,0
DA:815,0
DA:817,0
DA:822,17
DA:823,17
DA:824,17
DA:826,17
DA:827,17
DA:828,17
DA:829,17
DA:833,17
DA:834,17
DA:836,17
DA:837,0
DA:838,0
DA:839,0
DA:840,0
DA:841,0
DA:843,0
DA:844,0
DA:845,0
DA:848,17
DA:849,17
DA:852,17
DA:854,17
DA:855,17
DA:859,17
DA:860,17
DA:861,17
DA:863,0
DA:864,0
DA:868,0
DA:869,0
DA:871,0
DA:873,0
DA:876,0
DA:877,0
DA:878,0
DA:879,0
DA:880,0
DA:883,0
DA:888,0
DA:889,0
DA:890,0
DA:891,0
DA:895,0
DA:896,0
DA:897,0
DA:899,0
DA:904,0
DA:912,0
DA:914,0
DA:931,20
DA:940,0
DA:941,0
DA:953,0
DA:968,36
DA:980,12
DA:981,12
LF:293
LH:119
BRDA:20,0,0,15
BRDA:20,0,1,15
BRDA:78,1,0,6
BRDA:78,1,1,0
BRDA:78,2,0,6
BRDA:78,2,1,0
BRDA:97,3,0,6
BRDA:97,3,1,0
BRDA:98,4,0,6
BRDA:98,4,1,0
BRDA:103,5,0,0
BRDA:103,5,1,5
BRDA:116,6,0,0
BRDA:116,6,1,1
BRDA:123,7,0,1
BRDA:123,7,1,0
BRDA:129,8,0,1
BRDA:129,8,1,0
BRDA:148,9,0,6
BRDA:148,9,1,0
BRDA:168,10,0,0
BRDA:168,10,1,0
BRDA:168,11,0,6
BRDA:168,11,1,0
BRDA:186,12,0,0
BRDA:186,12,1,0
BRDA:187,13,0,0
BRDA:187,13,1,0
BRDA:192,14,0,0
BRDA:192,14,1,0
BRDA:204,15,0,0
BRDA:204,15,1,0
BRDA:211,16,0,0
BRDA:211,16,1,0
BRDA:217,17,0,0
BRDA:217,17,1,0
BRDA:233,18,0,12
BRDA:233,18,1,12
BRDA:235,19,0,12
BRDA:235,19,1,12
BRDA:236,20,0,12
BRDA:236,20,1,12
BRDA:237,21,0,12
BRDA:237,21,1,12
BRDA:239,22,0,12
BRDA:239,22,1,12
BRDA:240,23,0,12
BRDA:240,23,1,12
BRDA:243,24,0,6
BRDA:243,24,1,0
BRDA:261,25,0,0
BRDA:261,25,1,0
BRDA:268,26,0,0
BRDA:268,26,1,0
BRDA:269,27,0,0
BRDA:269,27,1,0
BRDA:270,28,0,0
BRDA:270,28,1,0
BRDA:273,29,0,0
BRDA:273,29,1,0
BRDA:280,30,0,0
BRDA:280,30,1,0
BRDA:280,31,0,0
BRDA:280,31,1,0
BRDA:291,32,0,0
BRDA:291,32,1,0
BRDA:300,33,0,0
BRDA:300,33,1,0
BRDA:319,34,0,0
BRDA:319,34,1,0
BRDA:319,35,0,0
BRDA:319,35,1,0
BRDA:342,36,0,0
BRDA:342,36,1,0
BRDA:343,37,0,0
BRDA:343,37,1,0
BRDA:346,38,0,0
BRDA:346,38,1,0
BRDA:346,38,2,0
BRDA:356,39,0,0
BRDA:356,39,1,0
BRDA:361,40,0,0
BRDA:361,40,1,0
BRDA:367,41,0,0
BRDA:367,41,1,0
BRDA:374,42,0,0
BRDA:374,42,1,0
BRDA:379,43,0,0
BRDA:379,43,1,0
BRDA:465,44,0,6
BRDA:465,44,1,6
BRDA:467,45,0,1
BRDA:467,45,1,5
BRDA:486,46,0,5
BRDA:486,46,1,0
BRDA:492,47,0,0
BRDA:492,47,1,0
BRDA:494,48,0,0
BRDA:494,48,1,0
BRDA:513,49,0,0
BRDA:513,49,1,0
BRDA:541,50,0,0
BRDA:541,50,1,0
BRDA:545,51,0,5
BRDA:545,51,1,5
BRDA:566,52,0,5
BRDA:566,52,1,5
BRDA:573,53,0,5
BRDA:573,53,1,5
BRDA:589,54,0,1
BRDA:589,54,1,11
BRDA:615,55,0,12
BRDA:615,55,1,0
BRDA:638,56,0,12
BRDA:638,56,1,12
BRDA:652,57,0,1
BRDA:652,57,1,11
BRDA:655,58,0,1
BRDA:655,58,1,11
BRDA:683,59,0,0
BRDA:683,59,1,0
BRDA:685,60,0,0
BRDA:685,60,1,0
BRDA:697,61,0,0
BRDA:697,61,1,17
BRDA:704,62,0,17
BRDA:704,62,1,0
BRDA:711,63,0,0
BRDA:711,63,1,0
BRDA:724,64,0,17
BRDA:724,64,1,0
BRDA:736,65,0,0
BRDA:736,65,1,0
BRDA:737,66,0,0
BRDA:737,66,1,0
BRDA:737,66,2,0
BRDA:741,67,0,0
BRDA:741,67,1,0
BRDA:743,68,0,0
BRDA:743,68,1,0
BRDA:743,69,0,0
BRDA:743,69,1,0
BRDA:743,69,2,0
BRDA:756,70,0,0
BRDA:756,70,1,0
BRDA:763,71,0,17
BRDA:763,71,1,0
BRDA:768,72,0,0
BRDA:768,72,1,17
BRDA:768,73,0,17
BRDA:768,73,1,0
BRDA:771,74,0,0
BRDA:771,74,1,0
BRDA:779,75,0,0
BRDA:779,75,1,17
BRDA:782,76,0,0
BRDA:782,76,1,0
BRDA:796,77,0,0
BRDA:796,77,1,0
BRDA:801,78,0,0
BRDA:801,78,1,0
BRDA:801,79,0,0
BRDA:801,79,1,0
BRDA:801,79,2,0
BRDA:814,80,0,0
BRDA:814,80,1,0
BRDA:814,81,0,0
BRDA:814,81,1,0
BRDA:822,82,0,17
BRDA:822,82,1,0
BRDA:827,83,0,17
BRDA:827,83,1,0
BRDA:836,84,0,0
BRDA:836,84,1,17
BRDA:839,85,0,0
BRDA:839,85,1,0
BRDA:854,86,0,0
BRDA:854,86,1,17
BRDA:854,87,0,0
BRDA:854,87,1,0
BRDA:859,88,0,17
BRDA:859,88,1,0
BRDA:860,89,0,17
BRDA:860,89,1,17
BRDA:861,90,0,17
BRDA:861,90,1,0
BRDA:869,91,0,0
BRDA:869,91,1,0
BRDA:888,92,0,0
BRDA:888,92,1,0
BRDA:889,93,0,0
BRDA:889,93,1,0
BRDA:890,94,0,0
BRDA:890,94,1,0
BRDA:895,95,0,0
BRDA:895,95,1,0
BRDA:896,96,0,0
BRDA:896,96,1,0
BRDA:897,97,0,0
BRDA:897,97,1,0
BRDA:940,98,0,0
BRDA:940,98,1,0
BRDA:940,99,0,0
BRDA:940,99,1,0
BRDA:959,100,0,0
BRDA:959,100,1,0
BRDA:982,101,0,0
BRDA:982,101,1,12
BRDA:986,102,0,0
BRDA:986,102,1,12
BRF:210
BRH:62
end_of_record
TN:
SF:src\components\TransportePage.jsx
FN:10,eur
FN:14,fmtDate
FN:19,sumTotal
FN:20,(anonymous_3)
FN:22,clienteLabel
FN:28,AlbaranCard
FN:52,DropZoneHeader
FN:66,ModalCenter
FN:80,TransportePage
FN:103,(anonymous_9)
FN:109,(anonymous_10)
FN:110,(anonymous_11)
FN:115,(anonymous_12)
FN:121,(anonymous_13)
FN:122,(anonymous_14)
FN:127,(anonymous_15)
FN:136,(anonymous_16)
FN:140,(anonymous_17)
FN:144,(anonymous_18)
FN:148,(anonymous_19)
FN:150,(anonymous_20)
FN:156,(anonymous_21)
FN:159,(anonymous_22)
FN:175,(anonymous_23)
FN:177,(anonymous_24)
FN:179,(anonymous_25)
FN:181,(anonymous_26)
FN:183,(anonymous_27)
FN:189,fetchAll
FN:216,(anonymous_29)
FN:218,(anonymous_30)
FN:222,(anonymous_31)
FN:223,(anonymous_32)
FN:224,(anonymous_33)
FN:241,(anonymous_34)
FN:243,asignarA
FN:251,(anonymous_36)
FN:259,(anonymous_37)
FN:259,(anonymous_38)
FN:261,(anonymous_39)
FN:261,(anonymous_40)
FN:278,volverAlmacen
FN:286,(anonymous_42)
FN:310,ponerPendiente
FN:318,(anonymous_44)
FN:342,marcarEntregado
FN:350,(anonymous_46)
FN:374,liquidarCamion
FN:376,(anonymous_48)
FN:381,descargarFactura
FN:384,(anonymous_50)
FN:411,aceptarRuta
FN:417,(anonymous_52)
FN:437,onDragStartCard
FN:438,(anonymous_54)
FN:444,onDragEndCard
FN:449,allowDrop
FN:450,(anonymous_57)
FN:457,onDropToCamion
FN:458,(anonymous_59)
FN:474,onDropToAlmacen
FN:486,onDropToPendiente
FN:498,addCamionExtra
FN:508,(anonymous_63)
FN:509,(anonymous_64)
FN:513,(anonymous_65)
FN:513,(anonymous_66)
FN:521,quitarCamion
FN:522,(anonymous_68)
FN:522,(anonymous_69)
FN:523,(anonymous_70)
FN:523,(anonymous_71)
FN:524,(anonymous_72)
FN:536,(anonymous_73)
FN:538,(anonymous_74)
FN:542,(anonymous_75)
FN:543,(anonymous_76)
FN:544,(anonymous_77)
FN:547,(anonymous_78)
FN:548,(anonymous_79)
FN:549,(anonymous_80)
FN:552,camionStyle
FN:612,(anonymous_82)
FN:622,(anonymous_83)
FN:651,(anonymous_84)
FN:663,(anonymous_85)
FN:693,(anonymous_86)
FN:705,(anonymous_87)
FN:712,(anonymous_88)
FN:725,(anonymous_89)
FN:762,(anonymous_90)
FN:773,(anonymous_91)
FN:793,(anonymous_92)
FN:805,(anonymous_93)
FN:812,(anonymous_94)
FN:828,(anonymous_95)
FN:832,(anonymous_96)
FN:846,(anonymous_97)
FN:873,(anonymous_98)
FN:902,(anonymous_99)
FNF:100
FNH:20
FNDA:0,eur
FNDA:0,fmtDate
FNDA:0,sumTotal
FNDA:0,(anonymous_3)
FNDA:0,clienteLabel
FNDA:0,AlbaranCard
FNDA:8,DropZoneHeader
FNDA:4,ModalCenter
FNDA:16,TransportePage
FNDA:6,(anonymous_9)
FNDA:0,(anonymous_10)
FNDA:0,(anonymous_11)
FNDA:6,(anonymous_12)
FNDA:0,(anonymous_13)
FNDA:0,(anonymous_14)
FNDA:6,(anonymous_15)
FNDA:11,(anonymous_16)
FNDA:11,(anonymous_17)
FNDA:11,(anonymous_18)
FNDA:10,(anonymous_19)
FNDA:0,(anonymous_20)
FNDA:20,(anonymous_21)
FNDA:0,(anonymous_22)
FNDA:10,(anonymous_23)
FNDA:10,(anonymous_24)
FNDA:15,(anonymous_25)
FNDA:0,(anonymous_26)
FNDA:0,(anonymous_27)
FNDA:6,fetchAll
FNDA:0,(anonymous_29)
FNDA:0,(anonymous_30)
FNDA:0,(anonymous_31)
FNDA:0,(anonymous_32)
FNDA:0,(anonymous_33)
FNDA:6,(anonymous_34)
FNDA:0,asignarA
FNDA:0,(anonymous_36)
FNDA:0,(anonymous_37)
FNDA:0,(anonymous_38)
FNDA:0,(anonymous_39)
FNDA:0,(anonymous_40)
FNDA:0,volverAlmacen
FNDA:0,(anonymous_42)
FNDA:0,ponerPendiente
FNDA:0,(anonymous_44)
FNDA:0,marcarEntregado
FNDA:0,(anonymous_46)
FNDA:0,liquidarCamion
FNDA:0,(anonymous_48)
FNDA:0,descargarFactura
FNDA:0,(anonymous_50)
FNDA:0,aceptarRuta
FNDA:0,(anonymous_52)
FNDA:0,onDragStartCard
FNDA:0,(anonymous_54)
FNDA:0,onDragEndCard
FNDA:16,allowDrop
FNDA:0,(anonymous_57)
FNDA:0,onDropToCamion
FNDA:0,(anonymous_59)
FNDA:0,onDropToAlmacen
FNDA:0,onDropToPendiente
FNDA:0,addCamionExtra
FNDA:0,(anonymous_63)
FNDA:0,(anonymous_64)
FNDA:0,(anonymous_65)
FNDA:0,(anonymous_66)
FNDA:0,quitarCamion
FNDA:0,(anonymous_68)
FNDA:0,(anonymous_69)
FNDA:0,(anonymous_70)
FNDA:0,(anonymous_71)
FNDA:0,(anonymous_72)
FNDA:10,(anonymous_73)
FNDA:0,(anonymous_74)
FNDA:10,(anonymous_75)
FNDA:0,(anonymous_76)
FNDA:0,(anonymous_77)
FNDA:15,(anonymous_78)
FNDA:0,(anonymous_79)
FNDA:0,(anonymous_80)
FNDA:0,camionStyle
FNDA:0,(anonymous_82)
FNDA:0,(anonymous_83)
FNDA:0,(anonymous_84)
FNDA:0,(anonymous_85)
FNDA:0,(anonymous_86)
FNDA:0,(anonymous_87)
FNDA:0,(anonymous_88)
FNDA:0,(anonymous_89)
FNDA:0,(anonymous_90)
FNDA:0,(anonymous_91)
FNDA:0,(anonymous_92)
FNDA:0,(anonymous_93)
FNDA:0,(anonymous_94)
FNDA:0,(anonymous_95)
FNDA:0,(anonymous_96)
FNDA:0,(anonymous_97)
FNDA:0,(anonymous_98)
FNDA:0,(anonymous_99)
DA:6,1
DA:7,1
DA:8,1
DA:11,0
DA:12,0
DA:15,0
DA:16,0
DA:17,0
DA:20,0
DA:23,0
DA:24,0
DA:25,0
DA:29,0
DA:53,8
DA:67,4
DA:68,0
DA:81,16
DA:82,16
DA:83,16
DA:85,16
DA:86,16
DA:87,16
DA:89,16
DA:91,16
DA:92,16
DA:93,16
DA:95,16
DA:97,16
DA:99,16
DA:100,16
DA:101,16
DA:103,16
DA:104,6
DA:105,6
DA:106,6
DA:107,5
DA:108,5
DA:109,5
DA:110,5
DA:115,16
DA:116,6
DA:117,6
DA:118,6
DA:119,5
DA:120,5
DA:121,5
DA:122,5
DA:127,16
DA:128,6
DA:129,6
DA:130,6
DA:131,5
DA:132,5
DA:136,16
DA:137,11
DA:140,16
DA:141,11
DA:144,16
DA:145,11
DA:148,16
DA:149,10
DA:150,10
DA:151,10
DA:156,16
DA:157,20
DA:158,20
DA:159,0
DA:160,0
DA:161,0
DA:162,0
DA:163,0
DA:165,0
DA:175,16
DA:177,16
DA:179,16
DA:180,15
DA:181,15
DA:183,15
DA:184,0
DA:186,15
DA:190,6
DA:191,6
DA:192,6
DA:194,6
DA:200,5
DA:201,5
DA:202,5
DA:204,5
DA:210,5
DA:211,5
DA:212,5
DA:215,5
DA:216,5
DA:217,6
DA:218,0
DA:219,0
DA:220,0
DA:222,0
DA:223,0
DA:224,0
DA:229,1
DA:231,1
DA:236,6
DA:241,16
DA:244,0
DA:245,0
DA:246,0
DA:251,0
DA:252,0
DA:253,0
DA:257,0
DA:259,0
DA:261,0
DA:262,0
DA:264,0
DA:269,0
DA:274,0
DA:279,0
DA:280,0
DA:281,0
DA:286,0
DA:287,0
DA:288,0
DA:292,0
DA:294,0
DA:296,0
DA:301,0
DA:306,0
DA:311,0
DA:312,0
DA:313,0
DA:318,0
DA:319,0
DA:320,0
DA:324,0
DA:326,0
DA:328,0
DA:333,0
DA:338,0
DA:343,0
DA:344,0
DA:345,0
DA:350,0
DA:351,0
DA:352,0
DA:356,0
DA:358,0
DA:360,0
DA:365,0
DA:370,0
DA:375,0
DA:376,0
DA:377,0
DA:378,0
DA:382,0
DA:383,0
DA:384,0
DA:385,0
DA:386,0
DA:387,0
DA:392,0
DA:397,0
DA:400,0
DA:401,0
DA:402,0
DA:403,0
DA:404,0
DA:405,0
DA:406,0
DA:407,0
DA:408,0
DA:412,0
DA:413,0
DA:414,0
DA:415,0
DA:417,0
DA:422,0
DA:427,0
DA:432,0
DA:438,0
DA:439,0
DA:440,0
DA:441,0
DA:445,0
DA:446,0
DA:450,16
DA:451,0
DA:452,0
DA:453,0
DA:458,0
DA:459,0
DA:460,0
DA:461,0
DA:462,0
DA:463,0
DA:467,0
DA:468,0
DA:475,0
DA:476,0
DA:477,0
DA:478,0
DA:479,0
DA:480,0
DA:481,0
DA:487,0
DA:488,0
DA:489,0
DA:490,0
DA:491,0
DA:493,0
DA:494,0
DA:499,0
DA:500,0
DA:501,0
DA:505,0
DA:508,0
DA:509,0
DA:510,0
DA:513,0
DA:514,0
DA:516,0
DA:522,0
DA:523,0
DA:524,0
DA:525,0
DA:526,0
DA:527,0
DA:530,0
DA:536,16
DA:537,10
DA:538,10
DA:539,10
DA:542,16
DA:543,10
DA:544,10
DA:547,16
DA:548,15
DA:549,15
DA:553,0
DA:554,0
DA:557,0
DA:558,0
DA:566,0
DA:567,0
DA:575,0
DA:584,16
DA:585,11
DA:587,5
DA:588,1
DA:591,4
DA:612,0
DA:622,0
DA:651,0
DA:663,0
DA:693,0
DA:705,0
DA:712,0
DA:726,0
DA:727,0
DA:728,0
DA:729,0
DA:731,0
DA:762,0
DA:774,0
DA:775,0
DA:779,0
DA:781,0
DA:793,0
DA:805,0
DA:812,0
DA:828,0
DA:832,0
DA:846,0
DA:874,0
DA:875,0
DA:876,0
DA:877,0
DA:903,0
DA:904,0
DA:908,0
DA:910,0
LF:281
LH:96
BRDA:11,0,0,0
BRDA:11,0,1,0
BRDA:16,1,0,0
BRDA:16,1,1,0
BRDA:20,2,0,0
BRDA:20,2,1,0
BRDA:20,3,0,0
BRDA:20,3,1,0
BRDA:24,4,0,0
BRDA:24,4,1,0
BRDA:35,5,0,0
BRDA:35,5,1,0
BRDA:47,6,0,0
BRDA:47,6,1,0
BRDA:54,7,0,0
BRDA:54,7,1,8
BRDA:58,8,0,8
BRDA:58,8,1,0
BRDA:66,9,0,4
BRDA:67,10,0,4
BRDA:67,10,1,0
BRDA:106,11,0,1
BRDA:106,11,1,5
BRDA:108,12,0,5
BRDA:108,12,1,0
BRDA:109,13,0,0
BRDA:109,13,1,0
BRDA:118,14,0,1
BRDA:118,14,1,5
BRDA:120,15,0,5
BRDA:120,15,1,0
BRDA:121,16,0,0
BRDA:121,16,1,0
BRDA:130,17,0,1
BRDA:130,17,1,5
BRDA:132,18,0,5
BRDA:132,18,1,0
BRDA:132,19,0,5
BRDA:132,19,1,5
BRDA:150,20,0,10
BRDA:150,20,1,0
BRDA:157,21,0,20
BRDA:157,21,1,20
BRDA:158,22,0,20
BRDA:158,22,1,0
BRDA:159,23,0,0
BRDA:159,23,1,0
BRDA:162,24,0,0
BRDA:162,24,1,0
BRDA:163,25,0,0
BRDA:163,25,1,0
BRDA:166,26,0,0
BRDA:166,26,1,0
BRDA:166,26,2,0
BRDA:166,26,3,0
BRDA:177,27,0,10
BRDA:177,27,1,4
BRDA:181,28,0,15
BRDA:181,28,1,4
BRDA:181,29,0,0
BRDA:181,29,1,0
BRDA:184,30,0,0
BRDA:184,30,1,0
BRDA:200,31,0,0
BRDA:200,31,1,5
BRDA:201,32,0,0
BRDA:201,32,1,5
BRDA:202,33,0,0
BRDA:202,33,1,5
BRDA:216,34,0,5
BRDA:216,34,1,5
BRDA:217,35,0,0
BRDA:217,35,1,6
BRDA:219,36,0,0
BRDA:219,36,1,0
BRDA:222,37,0,0
BRDA:222,37,1,0
BRDA:223,38,0,0
BRDA:223,38,1,0
BRDA:233,39,0,1
BRDA:233,39,1,0
BRDA:252,40,0,0
BRDA:252,40,1,0
BRDA:255,41,0,0
BRDA:255,41,1,0
BRDA:261,42,0,0
BRDA:261,42,1,0
BRDA:271,43,0,0
BRDA:271,43,1,0
BRDA:287,44,0,0
BRDA:287,44,1,0
BRDA:290,45,0,0
BRDA:290,45,1,0
BRDA:303,46,0,0
BRDA:303,46,1,0
BRDA:319,47,0,0
BRDA:319,47,1,0
BRDA:322,48,0,0
BRDA:322,48,1,0
BRDA:335,49,0,0
BRDA:335,49,1,0
BRDA:351,50,0,0
BRDA:351,50,1,0
BRDA:354,51,0,0
BRDA:354,51,1,0
BRDA:367,52,0,0
BRDA:367,52,1,0
BRDA:377,53,0,0
BRDA:377,53,1,0
BRDA:377,54,0,0
BRDA:377,54,1,0
BRDA:383,55,0,0
BRDA:383,55,1,0
BRDA:389,56,0,0
BRDA:389,56,1,0
BRDA:394,57,0,0
BRDA:394,57,1,0
BRDA:418,58,0,0
BRDA:418,58,1,0
BRDA:429,59,0,0
BRDA:429,59,1,0
BRDA:463,60,0,0
BRDA:463,60,1,0
BRDA:467,61,0,0
BRDA:467,61,1,0
BRDA:467,62,0,0
BRDA:467,62,1,0
BRDA:479,63,0,0
BRDA:479,63,1,0
BRDA:480,64,0,0
BRDA:480,64,1,0
BRDA:480,65,0,0
BRDA:480,65,1,0
BRDA:480,65,2,0
BRDA:491,66,0,0
BRDA:491,66,1,0
BRDA:493,67,0,0
BRDA:493,67,1,0
BRDA:493,68,0,0
BRDA:493,68,1,0
BRDA:493,68,2,0
BRDA:500,69,0,0
BRDA:500,69,1,0
BRDA:500,70,0,0
BRDA:500,70,1,0
BRDA:509,71,0,0
BRDA:509,71,1,0
BRDA:523,72,0,0
BRDA:523,72,1,0
BRDA:525,73,0,0
BRDA:525,73,1,0
BRDA:538,74,0,10
BRDA:538,74,1,4
BRDA:538,75,0,0
BRDA:538,75,1,0
BRDA:543,76,0,10
BRDA:543,76,1,4
BRDA:553,77,0,0
BRDA:553,77,1,0
BRDA:557,78,0,0
BRDA:557,78,1,0
BRDA:566,79,0,0
BRDA:566,79,1,0
BRDA:584,80,0,11
BRDA:584,80,1,5
BRDA:587,81,0,1
BRDA:587,81,1,4
BRDA:637,82,0,0
BRDA:637,82,1,4
BRDA:639,83,0,0
BRDA:639,83,1,4
BRDA:672,84,0,16
BRDA:672,84,1,4
BRDA:679,85,0,4
BRDA:679,85,1,0
BRDA:681,86,0,0
BRDA:681,86,1,4
BRDA:720,87,0,16
BRDA:720,87,1,4
BRDA:727,88,0,0
BRDA:727,88,1,0
BRDA:735,89,0,0
BRDA:735,89,1,0
BRDA:737,90,0,0
BRDA:737,90,1,0
BRDA:743,91,0,0
BRDA:743,91,1,0
BRDA:748,92,0,0
BRDA:748,92,1,0
BRDA:760,93,0,0
BRDA:760,93,1,0
BRDA:763,94,0,0
BRDA:763,94,1,0
BRDA:764,95,0,0
BRDA:764,95,1,0
BRDA:771,96,0,0
BRDA:771,96,1,0
BRDA:774,97,0,0
BRDA:774,97,1,0
BRDA:783,98,0,0
BRDA:783,98,1,0
BRDA:784,99,0,0
BRDA:784,99,1,0
BRDA:820,100,0,0
BRDA:820,100,1,0
BRDA:869,101,0,4
BRDA:869,101,1,0
BRDA:869,102,0,16
BRDA:869,102,1,0
BRDA:874,103,0,0
BRDA:874,103,1,0
BRDA:882,104,0,0
BRDA:882,104,1,0
BRDA:887,105,0,0
BRDA:887,105,1,0
BRDA:900,106,0,0
BRDA:900,106,1,0
BRDA:903,107,0,0
BRDA:903,107,1,0
BRDA:912,108,0,0
BRDA:912,108,1,0
BRF:221
BRH:48
end_of_record
TN:
SF:src\components\ui\AnimatedTabs.jsx
FN:10,AnimatedTabs
FN:14,(anonymous_1)
FN:15,(anonymous_2)
FN:30,(anonymous_3)
FN:33,(anonymous_4)
FN:34,(anonymous_5)
FNF:6
FNH:5
FNDA:6,AnimatedTabs
FNDA:4,(anonymous_1)
FNDA:4,(anonymous_2)
FNDA:12,(anonymous_3)
FNDA:24,(anonymous_4)
FNDA:0,(anonymous_5)
DA:11,6
DA:12,6
DA:14,6
DA:15,4
DA:16,4
DA:17,4
DA:18,4
DA:22,6
DA:30,12
DA:33,24
DA:34,0
LF:11
LH:10
BRDA:17,0,0,4
BRDA:17,0,1,0
BRDA:36,1,0,6
BRDA:36,1,1,6
BRF:4
BRH:3
end_of_record
TN:
SF:src\components\ui\Badge.jsx
FN:14,Badge
FNF:1
FNH:0
FNDA:0,Badge
DA:3,0
DA:15,0
LF:2
LH:0
BRDA:14,0,0,0
BRDA:14,1,0,0
BRDA:17,2,0,0
BRDA:17,2,1,0
BRF:4
BRH:0
end_of_record
TN:
SF:src\components\ui\Pagination.jsx
FN:3,getPages
FN:4,(anonymous_1)
FN:18,Pagination
FN:35,(anonymous_3)
FN:42,(anonymous_4)
FN:51,(anonymous_5)
FN:63,(anonymous_6)
FNF:7
FNH:0
FNDA:0,getPages
FNDA:0,(anonymous_1)
FNDA:0,Pagination
FNDA:0,(anonymous_3)
FNDA:0,(anonymous_4)
FNDA:0,(anonymous_5)
FNDA:0,(anonymous_6)
DA:4,0
DA:5,0
DA:6,0
DA:7,0
DA:19,0
DA:20,0
DA:22,0
DA:25,0
DA:26,0
DA:27,0
DA:28,0
DA:30,0
DA:35,0
DA:43,0
DA:51,0
DA:63,0
LF:16
LH:0
BRDA:4,0,0,0
BRDA:4,0,1,0
BRDA:5,1,0,0
BRDA:5,1,1,0
BRDA:6,2,0,0
BRDA:6,2,1,0
BRDA:18,3,0,0
BRDA:20,4,0,0
BRDA:20,4,1,0
BRDA:33,5,0,0
BRDA:33,5,1,0
BRDA:43,6,0,0
BRDA:43,6,1,0
BRDA:50,7,0,0
BRDA:50,7,1,0
BRDA:52,8,0,0
BRDA:52,8,1,0
BRDA:61,9,0,0
BRDA:61,9,1,0
BRF:19
BRH:0
end_of_record
TN:
SF:src\hooks\useClientes.js
FN:4,useClientes
FN:9,(anonymous_1)
FN:21,(anonymous_2)
FNF:3
FNH:0
FNDA:0,useClientes
FNDA:0,(anonymous_1)
FNDA:0,(anonymous_2)
DA:5,0
DA:6,0
DA:7,0
DA:9,0
DA:10,0
DA:11,0
DA:12,0
DA:13,0
DA:15,0
DA:17,0
DA:21,0
DA:23,0
LF:12
LH:0
BRDA:15,0,0,0
BRDA:15,0,1,0
BRF:2
BRH:0
end_of_record
TN:
SF:src\hooks\useMovimientos.js
FN:4,useMovimientos
FN:9,(anonymous_1)
FN:21,(anonymous_2)
FNF:3
FNH:0
FNDA:0,useMovimientos
FNDA:0,(anonymous_1)
FNDA:0,(anonymous_2)
DA:5,0
DA:6,0
DA:7,0
DA:9,0
DA:10,0
DA:11,0
DA:12,0
DA:13,0
DA:15,0
DA:17,0
DA:21,0
DA:23,0
LF:12
LH:0
BRDA:15,0,0,0
BRDA:15,0,1,0
BRF:2
BRH:0
end_of_record
TN:
SF:src\hooks\useProductos.js
FN:5,useProductos
FN:10,(anonymous_1)
FN:19,(anonymous_2)
FN:20,(anonymous_3)
FN:28,(anonymous_4)
FNF:5
FNH:0
FNDA:0,useProductos
FNDA:0,(anonymous_1)
FNDA:0,(anonymous_2)
FNDA:0,(anonymous_3)
FNDA:0,(anonymous_4)
DA:6,0
DA:7,0
DA:8,0
DA:10,0
DA:11,0
DA:12,0
DA:13,0
DA:14,0
DA:19,0
DA:20,0
DA:22,0
DA:24,0
DA:28,0
DA:30,0
LF:14
LH:0
BRDA:20,0,0,0
BRDA:20,0,1,0
BRDA:22,1,0,0
BRDA:22,1,1,0
BRF:4
BRH:0
end_of_record
